
*** Running vivado
    with args -log top.vds -m64 -product Vivado -mode batch -messageDb vivado.pb -notrace -source top.tcl


****** Vivado v2018.2 (64-bit)
  **** SW Build 2258646 on Thu Jun 14 20:03:12 MDT 2018
  **** IP Build 2256618 on Thu Jun 14 22:10:49 MDT 2018
    ** Copyright 1986-2018 Xilinx, Inc. All Rights Reserved.

source top.tcl -notrace
Command: synth_design -top top -part xc7a100tcsg324-1
Starting synth_design
Attempting to get a license for feature 'Synthesis' and/or device 'xc7a100t'
INFO: [Common 17-349] Got license for feature 'Synthesis' and/or device 'xc7a100t'
INFO: Launching helper process for spawning children vivado processes
INFO: Helper process launched with PID 17704 
---------------------------------------------------------------------------------
Starting RTL Elaboration : Time (s): cpu = 00:00:02 ; elapsed = 00:00:02 . Memory (MB): peak = 361.957 ; gain = 99.820
---------------------------------------------------------------------------------
INFO: [Synth 8-6157] synthesizing module 'top' [D:/Codes/Digital-circuit-course/lab9_3_1/lab9_3_1.srcs/sim_1/new/top.v:99]
INFO: [Synth 8-6157] synthesizing module 'clk_wiz_0' [D:/Codes/Digital-circuit-course/lab9_3_1/lab9_3_1.runs/synth_1/.Xil/Vivado-11196-Monsoon-PC/realtime/clk_wiz_0_stub.v:5]
INFO: [Synth 8-6155] done synthesizing module 'clk_wiz_0' (1#1) [D:/Codes/Digital-circuit-course/lab9_3_1/lab9_3_1.runs/synth_1/.Xil/Vivado-11196-Monsoon-PC/realtime/clk_wiz_0_stub.v:5]
WARNING: [Synth 8-350] instance '_100MHz_to_5MHz' of module 'clk_wiz_0' requires 4 connections, but only 3 given [D:/Codes/Digital-circuit-course/lab9_3_1/lab9_3_1.srcs/sim_1/new/top.v:109]
INFO: [Synth 8-6157] synthesizing module 'Clk_5MHz_to_1kHz' [D:/Codes/Digital-circuit-course/lab9_3_1/lab9_3_1.srcs/sim_1/new/top.v:27]
INFO: [Synth 8-6155] done synthesizing module 'Clk_5MHz_to_1kHz' (2#1) [D:/Codes/Digital-circuit-course/lab9_3_1/lab9_3_1.srcs/sim_1/new/top.v:27]
INFO: [Synth 8-6157] synthesizing module 'Clk_5MHz_to_10Hz' [D:/Codes/Digital-circuit-course/lab9_3_1/lab9_3_1.srcs/sim_1/new/top.v:3]
INFO: [Synth 8-6155] done synthesizing module 'Clk_5MHz_to_10Hz' (3#1) [D:/Codes/Digital-circuit-course/lab9_3_1/lab9_3_1.srcs/sim_1/new/top.v:3]
INFO: [Synth 8-6157] synthesizing module 'c_counter_binary_9' [D:/Codes/Digital-circuit-course/lab9_3_1/lab9_3_1.runs/synth_1/.Xil/Vivado-11196-Monsoon-PC/realtime/c_counter_binary_9_stub.v:6]
INFO: [Synth 8-6155] done synthesizing module 'c_counter_binary_9' (4#1) [D:/Codes/Digital-circuit-course/lab9_3_1/lab9_3_1.runs/synth_1/.Xil/Vivado-11196-Monsoon-PC/realtime/c_counter_binary_9_stub.v:6]
INFO: [Synth 8-6157] synthesizing module 'c_counter_binary_5' [D:/Codes/Digital-circuit-course/lab9_3_1/lab9_3_1.runs/synth_1/.Xil/Vivado-11196-Monsoon-PC/realtime/c_counter_binary_5_stub.v:6]
INFO: [Synth 8-6155] done synthesizing module 'c_counter_binary_5' (5#1) [D:/Codes/Digital-circuit-course/lab9_3_1/lab9_3_1.runs/synth_1/.Xil/Vivado-11196-Monsoon-PC/realtime/c_counter_binary_5_stub.v:6]
INFO: [Synth 8-6157] synthesizing module 'c_counter_binary_4' [D:/Codes/Digital-circuit-course/lab9_3_1/lab9_3_1.runs/synth_1/.Xil/Vivado-11196-Monsoon-PC/realtime/c_counter_binary_4_stub.v:6]
INFO: [Synth 8-6155] done synthesizing module 'c_counter_binary_4' (6#1) [D:/Codes/Digital-circuit-course/lab9_3_1/lab9_3_1.runs/synth_1/.Xil/Vivado-11196-Monsoon-PC/realtime/c_counter_binary_4_stub.v:6]
WARNING: [Synth 8-350] instance 'A3' of module 'c_counter_binary_4' requires 5 connections, but only 4 given [D:/Codes/Digital-circuit-course/lab9_3_1/lab9_3_1.srcs/sim_1/new/top.v:117]
INFO: [Synth 8-6157] synthesizing module 'show_bcd' [D:/Codes/Digital-circuit-course/lab9_3_1/lab9_3_1.srcs/sim_1/new/top.v:51]
WARNING: [Synth 8-567] referenced signal 'A0' should be on the sensitivity list [D:/Codes/Digital-circuit-course/lab9_3_1/lab9_3_1.srcs/sim_1/new/top.v:75]
WARNING: [Synth 8-567] referenced signal 'A1' should be on the sensitivity list [D:/Codes/Digital-circuit-course/lab9_3_1/lab9_3_1.srcs/sim_1/new/top.v:75]
WARNING: [Synth 8-567] referenced signal 'A2' should be on the sensitivity list [D:/Codes/Digital-circuit-course/lab9_3_1/lab9_3_1.srcs/sim_1/new/top.v:75]
WARNING: [Synth 8-567] referenced signal 'A3' should be on the sensitivity list [D:/Codes/Digital-circuit-course/lab9_3_1/lab9_3_1.srcs/sim_1/new/top.v:75]
INFO: [Synth 8-6155] done synthesizing module 'show_bcd' (7#1) [D:/Codes/Digital-circuit-course/lab9_3_1/lab9_3_1.srcs/sim_1/new/top.v:51]
INFO: [Synth 8-6155] done synthesizing module 'top' (8#1) [D:/Codes/Digital-circuit-course/lab9_3_1/lab9_3_1.srcs/sim_1/new/top.v:99]
---------------------------------------------------------------------------------
Finished RTL Elaboration : Time (s): cpu = 00:00:03 ; elapsed = 00:00:03 . Memory (MB): peak = 416.336 ; gain = 154.199
---------------------------------------------------------------------------------

Report Check Netlist: 
+------+------------------+-------+---------+-------+------------------+
|      |Item              |Errors |Warnings |Status |Description       |
+------+------------------+-------+---------+-------+------------------+
|1     |multi_driven_nets |      0|        0|Passed |Multi driven nets |
+------+------------------+-------+---------+-------+------------------+
---------------------------------------------------------------------------------
Start Handling Custom Attributes
---------------------------------------------------------------------------------
---------------------------------------------------------------------------------
Finished Handling Custom Attributes : Time (s): cpu = 00:00:03 ; elapsed = 00:00:03 . Memory (MB): peak = 416.336 ; gain = 154.199
---------------------------------------------------------------------------------
---------------------------------------------------------------------------------
Finished RTL Optimization Phase 1 : Time (s): cpu = 00:00:03 ; elapsed = 00:00:03 . Memory (MB): peak = 416.336 ; gain = 154.199
---------------------------------------------------------------------------------
INFO: [Device 21-403] Loading part xc7a100tcsg324-1
INFO: [Project 1-570] Preparing netlist for logic optimization

Processing XDC Constraints
Initializing timing engine
Parsing XDC File [d:/Codes/Digital-circuit-course/lab9_3_1/lab9_3_1.srcs/sources_1/ip/c_counter_binary_4/c_counter_binary_4/c_counter_binary_0_in_context.xdc] for cell 'A3'
Finished Parsing XDC File [d:/Codes/Digital-circuit-course/lab9_3_1/lab9_3_1.srcs/sources_1/ip/c_counter_binary_4/c_counter_binary_4/c_counter_binary_0_in_context.xdc] for cell 'A3'
Parsing XDC File [d:/Codes/Digital-circuit-course/lab9_3_1/lab9_3_1.srcs/sources_1/ip/c_counter_binary_9_1/c_counter_binary_9/c_counter_binary_9_in_context.xdc] for cell 'A0'
Finished Parsing XDC File [d:/Codes/Digital-circuit-course/lab9_3_1/lab9_3_1.srcs/sources_1/ip/c_counter_binary_9_1/c_counter_binary_9/c_counter_binary_9_in_context.xdc] for cell 'A0'
Parsing XDC File [d:/Codes/Digital-circuit-course/lab9_3_1/lab9_3_1.srcs/sources_1/ip/c_counter_binary_9_1/c_counter_binary_9/c_counter_binary_9_in_context.xdc] for cell 'A1'
Finished Parsing XDC File [d:/Codes/Digital-circuit-course/lab9_3_1/lab9_3_1.srcs/sources_1/ip/c_counter_binary_9_1/c_counter_binary_9/c_counter_binary_9_in_context.xdc] for cell 'A1'
Parsing XDC File [d:/Codes/Digital-circuit-course/lab9_3_1/lab9_3_1.srcs/sources_1/ip/clk_wiz_0/clk_wiz_0/clk_wiz_0_in_context.xdc] for cell '_100MHz_to_5MHz'
Finished Parsing XDC File [d:/Codes/Digital-circuit-course/lab9_3_1/lab9_3_1.srcs/sources_1/ip/clk_wiz_0/clk_wiz_0/clk_wiz_0_in_context.xdc] for cell '_100MHz_to_5MHz'
Parsing XDC File [d:/Codes/Digital-circuit-course/lab9_3_1/lab9_3_1.srcs/sources_1/ip/c_counter_binary_5/c_counter_binary_5/c_counter_binary_5_in_context.xdc] for cell 'A2'
Finished Parsing XDC File [d:/Codes/Digital-circuit-course/lab9_3_1/lab9_3_1.srcs/sources_1/ip/c_counter_binary_5/c_counter_binary_5/c_counter_binary_5_in_context.xdc] for cell 'A2'
Parsing XDC File [D:/Codes/Digital-circuit-course/lab9_3_1/lab9_3_1.srcs/constrs_1/imports/数字电路实验/Nexys4DDR_Master.xdc]
WARNING: [Vivado 12-584] No ports matched 'swt[1]'. [D:/Codes/Digital-circuit-course/lab9_3_1/lab9_3_1.srcs/constrs_1/imports/数字电路实验/Nexys4DDR_Master.xdc:14]
WARNING: [Vivado 12-584] No ports matched 'swt[2]'. [D:/Codes/Digital-circuit-course/lab9_3_1/lab9_3_1.srcs/constrs_1/imports/数字电路实验/Nexys4DDR_Master.xdc:15]
WARNING: [Vivado 12-584] No ports matched 'swt[3]'. [D:/Codes/Digital-circuit-course/lab9_3_1/lab9_3_1.srcs/constrs_1/imports/数字电路实验/Nexys4DDR_Master.xdc:16]
WARNING: [Vivado 12-584] No ports matched 'swt[4]'. [D:/Codes/Digital-circuit-course/lab9_3_1/lab9_3_1.srcs/constrs_1/imports/数字电路实验/Nexys4DDR_Master.xdc:17]
WARNING: [Vivado 12-584] No ports matched 'swt[5]'. [D:/Codes/Digital-circuit-course/lab9_3_1/lab9_3_1.srcs/constrs_1/imports/数字电路实验/Nexys4DDR_Master.xdc:18]
WARNING: [Vivado 12-584] No ports matched 'swt[6]'. [D:/Codes/Digital-circuit-course/lab9_3_1/lab9_3_1.srcs/constrs_1/imports/数字电路实验/Nexys4DDR_Master.xdc:19]
WARNING: [Vivado 12-584] No ports matched 'swt[7]'. [D:/Codes/Digital-circuit-course/lab9_3_1/lab9_3_1.srcs/constrs_1/imports/数字电路实验/Nexys4DDR_Master.xdc:20]
WARNING: [Vivado 12-584] No ports matched 'swt[8]'. [D:/Codes/Digital-circuit-course/lab9_3_1/lab9_3_1.srcs/constrs_1/imports/数字电路实验/Nexys4DDR_Master.xdc:21]
WARNING: [Vivado 12-584] No ports matched 'swt[9]'. [D:/Codes/Digital-circuit-course/lab9_3_1/lab9_3_1.srcs/constrs_1/imports/数字电路实验/Nexys4DDR_Master.xdc:22]
WARNING: [Vivado 12-584] No ports matched 'swt[10]'. [D:/Codes/Digital-circuit-course/lab9_3_1/lab9_3_1.srcs/constrs_1/imports/数字电路实验/Nexys4DDR_Master.xdc:23]
WARNING: [Vivado 12-584] No ports matched 'swt[11]'. [D:/Codes/Digital-circuit-course/lab9_3_1/lab9_3_1.srcs/constrs_1/imports/数字电路实验/Nexys4DDR_Master.xdc:24]
WARNING: [Vivado 12-584] No ports matched 'swt[12]'. [D:/Codes/Digital-circuit-course/lab9_3_1/lab9_3_1.srcs/constrs_1/imports/数字电路实验/Nexys4DDR_Master.xdc:25]
WARNING: [Vivado 12-584] No ports matched 'swt[13]'. [D:/Codes/Digital-circuit-course/lab9_3_1/lab9_3_1.srcs/constrs_1/imports/数字电路实验/Nexys4DDR_Master.xdc:26]
WARNING: [Vivado 12-584] No ports matched 'swt[14]'. [D:/Codes/Digital-circuit-course/lab9_3_1/lab9_3_1.srcs/constrs_1/imports/数字电路实验/Nexys4DDR_Master.xdc:27]
WARNING: [Vivado 12-584] No ports matched 'swt[15]'. [D:/Codes/Digital-circuit-course/lab9_3_1/lab9_3_1.srcs/constrs_1/imports/数字电路实验/Nexys4DDR_Master.xdc:28]
WARNING: [Vivado 12-584] No ports matched 'led[0]'. [D:/Codes/Digital-circuit-course/lab9_3_1/lab9_3_1.srcs/constrs_1/imports/数字电路实验/Nexys4DDR_Master.xdc:33]
WARNING: [Vivado 12-584] No ports matched 'led[1]'. [D:/Codes/Digital-circuit-course/lab9_3_1/lab9_3_1.srcs/constrs_1/imports/数字电路实验/Nexys4DDR_Master.xdc:34]
WARNING: [Vivado 12-584] No ports matched 'led[2]'. [D:/Codes/Digital-circuit-course/lab9_3_1/lab9_3_1.srcs/constrs_1/imports/数字电路实验/Nexys4DDR_Master.xdc:35]
WARNING: [Vivado 12-584] No ports matched 'led[3]'. [D:/Codes/Digital-circuit-course/lab9_3_1/lab9_3_1.srcs/constrs_1/imports/数字电路实验/Nexys4DDR_Master.xdc:36]
WARNING: [Vivado 12-584] No ports matched 'led[4]'. [D:/Codes/Digital-circuit-course/lab9_3_1/lab9_3_1.srcs/constrs_1/imports/数字电路实验/Nexys4DDR_Master.xdc:37]
WARNING: [Vivado 12-584] No ports matched 'led[5]'. [D:/Codes/Digital-circuit-course/lab9_3_1/lab9_3_1.srcs/constrs_1/imports/数字电路实验/Nexys4DDR_Master.xdc:38]
WARNING: [Vivado 12-584] No ports matched 'led[6]'. [D:/Codes/Digital-circuit-course/lab9_3_1/lab9_3_1.srcs/constrs_1/imports/数字电路实验/Nexys4DDR_Master.xdc:39]
WARNING: [Vivado 12-584] No ports matched 'led[7]'. [D:/Codes/Digital-circuit-course/lab9_3_1/lab9_3_1.srcs/constrs_1/imports/数字电路实验/Nexys4DDR_Master.xdc:40]
WARNING: [Vivado 12-584] No ports matched 'led[8]'. [D:/Codes/Digital-circuit-course/lab9_3_1/lab9_3_1.srcs/constrs_1/imports/数字电路实验/Nexys4DDR_Master.xdc:41]
WARNING: [Vivado 12-584] No ports matched 'led[9]'. [D:/Codes/Digital-circuit-course/lab9_3_1/lab9_3_1.srcs/constrs_1/imports/数字电路实验/Nexys4DDR_Master.xdc:42]
WARNING: [Vivado 12-584] No ports matched 'led[10]'. [D:/Codes/Digital-circuit-course/lab9_3_1/lab9_3_1.srcs/constrs_1/imports/数字电路实验/Nexys4DDR_Master.xdc:43]
WARNING: [Vivado 12-584] No ports matched 'led[11]'. [D:/Codes/Digital-circuit-course/lab9_3_1/lab9_3_1.srcs/constrs_1/imports/数字电路实验/Nexys4DDR_Master.xdc:44]
WARNING: [Vivado 12-584] No ports matched 'led[12]'. [D:/Codes/Digital-circuit-course/lab9_3_1/lab9_3_1.srcs/constrs_1/imports/数字电路实验/Nexys4DDR_Master.xdc:45]
WARNING: [Vivado 12-584] No ports matched 'led[13]'. [D:/Codes/Digital-circuit-course/lab9_3_1/lab9_3_1.srcs/constrs_1/imports/数字电路实验/Nexys4DDR_Master.xdc:46]
WARNING: [Vivado 12-584] No ports matched 'led[14]'. [D:/Codes/Digital-circuit-course/lab9_3_1/lab9_3_1.srcs/constrs_1/imports/数字电路实验/Nexys4DDR_Master.xdc:47]
WARNING: [Vivado 12-584] No ports matched 'led[15]'. [D:/Codes/Digital-circuit-course/lab9_3_1/lab9_3_1.srcs/constrs_1/imports/数字电路实验/Nexys4DDR_Master.xdc:48]
Finished Parsing XDC File [D:/Codes/Digital-circuit-course/lab9_3_1/lab9_3_1.srcs/constrs_1/imports/数字电路实验/Nexys4DDR_Master.xdc]
WARNING: [Project 1-498] One or more constraints failed evaluation while reading constraint file [D:/Codes/Digital-circuit-course/lab9_3_1/lab9_3_1.srcs/constrs_1/imports/数字电路实验/Nexys4DDR_Master.xdc] and the design contains unresolved black boxes. These constraints will be read post-synthesis (as long as their source constraint file is marked as used_in_implementation) and should be applied correctly then. You should review the constraints listed in the file [.Xil/top_propImpl.xdc] and check the run log file to verify that these constraints were correctly applied.
INFO: [Project 1-236] Implementation specific constraints were found while reading constraint file [D:/Codes/Digital-circuit-course/lab9_3_1/lab9_3_1.srcs/constrs_1/imports/数字电路实验/Nexys4DDR_Master.xdc]. These constraints will be ignored for synthesis but will be used in implementation. Impacted constraints are listed in the file [.Xil/top_propImpl.xdc].
Resolution: To avoid this warning, move constraints listed in [.Xil/top_propImpl.xdc] to another XDC file and exclude this new file from synthesis with the used_in_synthesis property (File Properties dialog in GUI) and re-run elaboration/synthesis.
Parsing XDC File [D:/Codes/Digital-circuit-course/lab9_3_1/lab9_3_1.runs/synth_1/dont_touch.xdc]
Finished Parsing XDC File [D:/Codes/Digital-circuit-course/lab9_3_1/lab9_3_1.runs/synth_1/dont_touch.xdc]
Completed Processing XDC Constraints

INFO: [Project 1-111] Unisim Transformation Summary:
No Unisim elements were transformed.

Constraint Validation Runtime : Time (s): cpu = 00:00:00 ; elapsed = 00:00:00.005 . Memory (MB): peak = 756.660 ; gain = 0.000
---------------------------------------------------------------------------------
Finished Constraint Validation : Time (s): cpu = 00:00:11 ; elapsed = 00:00:13 . Memory (MB): peak = 756.660 ; gain = 494.523
---------------------------------------------------------------------------------
---------------------------------------------------------------------------------
Start Loading Part and Timing Information
---------------------------------------------------------------------------------
Loading part: xc7a100tcsg324-1
---------------------------------------------------------------------------------
Finished Loading Part and Timing Information : Time (s): cpu = 00:00:11 ; elapsed = 00:00:13 . Memory (MB): peak = 756.660 ; gain = 494.523
---------------------------------------------------------------------------------
---------------------------------------------------------------------------------
Start Applying 'set_property' XDC Constraints
---------------------------------------------------------------------------------
Applied set_property IO_BUFFER_TYPE = NONE for CLK100MHZ. (constraint file  d:/Codes/Digital-circuit-course/lab9_3_1/lab9_3_1.srcs/sources_1/ip/clk_wiz_0/clk_wiz_0/clk_wiz_0_in_context.xdc, line 3).
Applied set_property CLOCK_BUFFER_TYPE = NONE for CLK100MHZ. (constraint file  d:/Codes/Digital-circuit-course/lab9_3_1/lab9_3_1.srcs/sources_1/ip/clk_wiz_0/clk_wiz_0/clk_wiz_0_in_context.xdc, line 4).
Applied set_property DONT_TOUCH = true for A3. (constraint file  auto generated constraint, line ).
Applied set_property DONT_TOUCH = true for A0. (constraint file  auto generated constraint, line ).
Applied set_property DONT_TOUCH = true for A1. (constraint file  auto generated constraint, line ).
Applied set_property DONT_TOUCH = true for _100MHz_to_5MHz. (constraint file  auto generated constraint, line ).
Applied set_property DONT_TOUCH = true for A2. (constraint file  auto generated constraint, line ).
---------------------------------------------------------------------------------
Finished applying 'set_property' XDC Constraints : Time (s): cpu = 00:00:11 ; elapsed = 00:00:13 . Memory (MB): peak = 756.660 ; gain = 494.523
---------------------------------------------------------------------------------
INFO: [Synth 8-5545] ROM "clk_1kHz" won't be mapped to RAM because address size (30) is larger than maximum supported(25)
INFO: [Synth 8-5545] ROM "clk_10Hz" won't be mapped to RAM because address size (30) is larger than maximum supported(25)
---------------------------------------------------------------------------------
Finished RTL Optimization Phase 2 : Time (s): cpu = 00:00:11 ; elapsed = 00:00:14 . Memory (MB): peak = 756.660 ; gain = 494.523
---------------------------------------------------------------------------------

Report RTL Partitions: 
+-+--------------+------------+----------+
| |RTL Partition |Replication |Instances |
+-+--------------+------------+----------+
+-+--------------+------------+----------+
---------------------------------------------------------------------------------
Start RTL Component Statistics 
---------------------------------------------------------------------------------
Detailed RTL Component Info : 
+---Adders : 
	   2 Input     30 Bit       Adders := 2     
	   2 Input      2 Bit       Adders := 1     
+---Registers : 
	               30 Bit    Registers := 2     
	                2 Bit    Registers := 1     
	                1 Bit    Registers := 2     
+---Muxes : 
	   2 Input     30 Bit        Muxes := 2     
	   4 Input      4 Bit        Muxes := 1     
	   2 Input      1 Bit        Muxes := 2     
---------------------------------------------------------------------------------
Finished RTL Component Statistics 
---------------------------------------------------------------------------------
---------------------------------------------------------------------------------
Start RTL Hierarchical Component Statistics 
---------------------------------------------------------------------------------
Hierarchical RTL Component report 
Module Clk_5MHz_to_1kHz 
Detailed RTL Component Info : 
+---Adders : 
	   2 Input     30 Bit       Adders := 1     
+---Registers : 
	               30 Bit    Registers := 1     
	                1 Bit    Registers := 1     
+---Muxes : 
	   2 Input     30 Bit        Muxes := 1     
	   2 Input      1 Bit        Muxes := 1     
Module Clk_5MHz_to_10Hz 
Detailed RTL Component Info : 
+---Adders : 
	   2 Input     30 Bit       Adders := 1     
+---Registers : 
	               30 Bit    Registers := 1     
	                1 Bit    Registers := 1     
+---Muxes : 
	   2 Input     30 Bit        Muxes := 1     
	   2 Input      1 Bit        Muxes := 1     
Module show_bcd 
Detailed RTL Component Info : 
+---Adders : 
	   2 Input      2 Bit       Adders := 1     
+---Registers : 
	                2 Bit    Registers := 1     
+---Muxes : 
	   4 Input      4 Bit        Muxes := 1     
---------------------------------------------------------------------------------
Finished RTL Hierarchical Component Statistics
---------------------------------------------------------------------------------
---------------------------------------------------------------------------------
Start Part Resource Summary
---------------------------------------------------------------------------------
Part Resources:
DSPs: 240 (col length:80)
BRAMs: 270 (col length: RAMB18 80 RAMB36 40)
---------------------------------------------------------------------------------
Finished Part Resource Summary
---------------------------------------------------------------------------------
---------------------------------------------------------------------------------
Start Cross Boundary and Area Optimization
---------------------------------------------------------------------------------
Warning: Parallel synthesis criteria is not met 
INFO: [Synth 8-5545] ROM "_5MHz_to_1kHz/clk_1kHz" won't be mapped to RAM because address size (30) is larger than maximum supported(25)
INFO: [Synth 8-5545] ROM "_5MHz_to_10Hz/clk_10Hz" won't be mapped to RAM because address size (30) is larger than maximum supported(25)
WARNING: [Synth 8-3917] design top has port AN[7] driven by constant 1
WARNING: [Synth 8-3917] design top has port AN[6] driven by constant 1
WARNING: [Synth 8-3917] design top has port AN[5] driven by constant 1
WARNING: [Synth 8-3917] design top has port AN[4] driven by constant 1
---------------------------------------------------------------------------------
Finished Cross Boundary and Area Optimization : Time (s): cpu = 00:00:13 ; elapsed = 00:00:15 . Memory (MB): peak = 756.660 ; gain = 494.523
---------------------------------------------------------------------------------

Report RTL Partitions: 
+-+--------------+------------+----------+
| |RTL Partition |Replication |Instances |
+-+--------------+------------+----------+
+-+--------------+------------+----------+
---------------------------------------------------------------------------------
Start Applying XDC Timing Constraints
---------------------------------------------------------------------------------
INFO: [Synth 8-5578] Moved timing constraint from pin '_100MHz_to_5MHz/clk_out1' to pin '_100MHz_to_5MHz/bbstub_clk_out1/O'
INFO: [Synth 8-5819] Moved 1 constraints on hierarchical pins to their respective driving/loading pins
---------------------------------------------------------------------------------
Finished Applying XDC Timing Constraints : Time (s): cpu = 00:00:21 ; elapsed = 00:00:24 . Memory (MB): peak = 756.660 ; gain = 494.523
---------------------------------------------------------------------------------
---------------------------------------------------------------------------------
Start Timing Optimization
---------------------------------------------------------------------------------
---------------------------------------------------------------------------------
Finished Timing Optimization : Time (s): cpu = 00:00:21 ; elapsed = 00:00:24 . Memory (MB): peak = 775.520 ; gain = 513.383
---------------------------------------------------------------------------------

Report RTL Partitions: 
+-+--------------+------------+----------+
| |RTL Partition |Replication |Instances |
+-+--------------+------------+----------+
+-+--------------+------------+----------+
---------------------------------------------------------------------------------
Start Technology Mapping
---------------------------------------------------------------------------------
---------------------------------------------------------------------------------
Finished Technology Mapping : Time (s): cpu = 00:00:21 ; elapsed = 00:00:24 . Memory (MB): peak = 775.520 ; gain = 513.383
---------------------------------------------------------------------------------

Report RTL Partitions: 
+-+--------------+------------+----------+
| |RTL Partition |Replication |Instances |
+-+--------------+------------+----------+
+-+--------------+------------+----------+
---------------------------------------------------------------------------------
Start IO Insertion
---------------------------------------------------------------------------------
---------------------------------------------------------------------------------
Start Flattening Before IO Insertion
---------------------------------------------------------------------------------
---------------------------------------------------------------------------------
Finished Flattening Before IO Insertion
---------------------------------------------------------------------------------
---------------------------------------------------------------------------------
Start Final Netlist Cleanup
---------------------------------------------------------------------------------
---------------------------------------------------------------------------------
Finished Final Netlist Cleanup
---------------------------------------------------------------------------------
CRITICAL WARNING: [Synth 8-4442] BlackBox module _100MHz_to_5MHz has unconnected pin reset
---------------------------------------------------------------------------------
Finished IO Insertion : Time (s): cpu = 00:00:22 ; elapsed = 00:00:25 . Memory (MB): peak = 775.520 ; gain = 513.383
---------------------------------------------------------------------------------

Report Check Netlist: 
+------+------------------+-------+---------+-------+------------------+
|      |Item              |Errors |Warnings |Status |Description       |
+------+------------------+-------+---------+-------+------------------+
|1     |multi_driven_nets |      0|        0|Passed |Multi driven nets |
+------+------------------+-------+---------+-------+------------------+
---------------------------------------------------------------------------------
Start Renaming Generated Instances
---------------------------------------------------------------------------------
---------------------------------------------------------------------------------
Finished Renaming Generated Instances : Time (s): cpu = 00:00:22 ; elapsed = 00:00:25 . Memory (MB): peak = 775.520 ; gain = 513.383
---------------------------------------------------------------------------------

Report RTL Partitions: 
+-+--------------+------------+----------+
| |RTL Partition |Replication |Instances |
+-+--------------+------------+----------+
+-+--------------+------------+----------+
---------------------------------------------------------------------------------
Start Rebuilding User Hierarchy
---------------------------------------------------------------------------------
---------------------------------------------------------------------------------
Finished Rebuilding User Hierarchy : Time (s): cpu = 00:00:22 ; elapsed = 00:00:25 . Memory (MB): peak = 775.520 ; gain = 513.383
---------------------------------------------------------------------------------
---------------------------------------------------------------------------------
Start Renaming Generated Ports
---------------------------------------------------------------------------------
---------------------------------------------------------------------------------
Finished Renaming Generated Ports : Time (s): cpu = 00:00:22 ; elapsed = 00:00:25 . Memory (MB): peak = 775.520 ; gain = 513.383
---------------------------------------------------------------------------------
---------------------------------------------------------------------------------
Start Handling Custom Attributes
---------------------------------------------------------------------------------
---------------------------------------------------------------------------------
Finished Handling Custom Attributes : Time (s): cpu = 00:00:22 ; elapsed = 00:00:25 . Memory (MB): peak = 775.520 ; gain = 513.383
---------------------------------------------------------------------------------
---------------------------------------------------------------------------------
Start Renaming Generated Nets
---------------------------------------------------------------------------------
---------------------------------------------------------------------------------
Finished Renaming Generated Nets : Time (s): cpu = 00:00:22 ; elapsed = 00:00:25 . Memory (MB): peak = 775.520 ; gain = 513.383
---------------------------------------------------------------------------------
---------------------------------------------------------------------------------
Start Writing Synthesis Report
---------------------------------------------------------------------------------

Report BlackBoxes: 
+------+-------------------+----------+
|      |BlackBox name      |Instances |
+------+-------------------+----------+
|1     |clk_wiz_0          |         1|
|2     |c_counter_binary_9 |         2|
|3     |c_counter_binary_5 |         1|
|4     |c_counter_binary_4 |         1|
+------+-------------------+----------+

Report Cell Usage: 
+------+----------------------+------+
|      |Cell                  |Count |
+------+----------------------+------+
|1     |c_counter_binary_4    |     1|
|2     |c_counter_binary_5    |     1|
|3     |c_counter_binary_9    |     1|
|4     |c_counter_binary_9__1 |     1|
|5     |clk_wiz_0             |     1|
|6     |CARRY4                |    16|
|7     |LUT1                  |     5|
|8     |LUT2                  |     6|
|9     |LUT3                  |     2|
|10    |LUT4                  |    73|
|11    |LUT5                  |     4|
|12    |LUT6                  |     8|
|13    |FDCE                  |    60|
|14    |FDPE                  |     2|
|15    |FDRE                  |     2|
|16    |IBUF                  |     2|
|17    |OBUF                  |    16|
+------+----------------------+------+

Report Instance Areas: 
+------+----------------+-----------------+------+
|      |Instance        |Module           |Cells |
+------+----------------+-----------------+------+
|1     |top             |                 |   218|
|2     |  _5MHz_to_10Hz |Clk_5MHz_to_10Hz |    78|
|3     |  _5MHz_to_1kHz |Clk_5MHz_to_1kHz |    78|
|4     |  show          |show_bcd         |    20|
+------+----------------+-----------------+------+
---------------------------------------------------------------------------------
Finished Writing Synthesis Report : Time (s): cpu = 00:00:22 ; elapsed = 00:00:25 . Memory (MB): peak = 775.520 ; gain = 513.383
---------------------------------------------------------------------------------
Synthesis finished with 0 errors, 1 critical warnings and 4 warnings.
Synthesis Optimization Runtime : Time (s): cpu = 00:00:13 ; elapsed = 00:00:18 . Memory (MB): peak = 775.520 ; gain = 173.059
Synthesis Optimization Complete : Time (s): cpu = 00:00:22 ; elapsed = 00:00:25 . Memory (MB): peak = 775.520 ; gain = 513.383
INFO: [Project 1-571] Translating synthesized netlist
INFO: [Netlist 29-17] Analyzing 18 Unisim elements for replacement
INFO: [Netlist 29-28] Unisim Transformation completed in 0 CPU seconds
INFO: [Project 1-570] Preparing netlist for logic optimization
INFO: [Opt 31-138] Pushed 0 inverter(s) to 0 load pin(s).
INFO: [Project 1-111] Unisim Transformation Summary:
No Unisim elements were transformed.

INFO: [Common 17-83] Releasing license: Synthesis
34 Infos, 42 Warnings, 1 Critical Warnings and 0 Errors encountered.
synth_design completed successfully
synth_design: Time (s): cpu = 00:00:24 ; elapsed = 00:00:28 . Memory (MB): peak = 775.520 ; gain = 524.855
WARNING: [Constraints 18-5210] No constraint will be written out.
INFO: [Common 17-1381] The checkpoint 'D:/Codes/Digital-circuit-course/lab9_3_1/lab9_3_1.runs/synth_1/top.dcp' has been generated.
INFO: [runtcl-4] Executing : report_utilization -file top_utilization_synth.rpt -pb top_utilization_synth.pb
report_utilization: Time (s): cpu = 00:00:00 ; elapsed = 00:00:00.033 . Memory (MB): peak = 775.520 ; gain = 0.000
INFO: [Common 17-206] Exiting Vivado at Fri Nov 23 19:45:52 2018...
