
*** Running vivado
    with args -log Counter_8bit.vds -m64 -product Vivado -mode batch -messageDb vivado.pb -notrace -source Counter_8bit.tcl


****** Vivado v2018.2 (64-bit)
  **** SW Build 2258646 on Thu Jun 14 20:03:12 MDT 2018
  **** IP Build 2256618 on Thu Jun 14 22:10:49 MDT 2018
    ** Copyright 1986-2018 Xilinx, Inc. All Rights Reserved.

source Counter_8bit.tcl -notrace
Command: synth_design -top Counter_8bit -part xc7a100tcsg324-1
Starting synth_design
Attempting to get a license for feature 'Synthesis' and/or device 'xc7a100t'
INFO: [Common 17-349] Got license for feature 'Synthesis' and/or device 'xc7a100t'
INFO: Launching helper process for spawning children vivado processes
INFO: Helper process launched with PID 368 
---------------------------------------------------------------------------------
Starting RTL Elaboration : Time (s): cpu = 00:00:02 ; elapsed = 00:00:03 . Memory (MB): peak = 333.949 ; gain = 100.750
---------------------------------------------------------------------------------
INFO: [Synth 8-6157] synthesizing module 'Counter_8bit' [C:/Users/rayomnd/lab6_2_2/lab6_2_2.srcs/sources_1/new/Counter.v:31]
INFO: [Synth 8-6157] synthesizing module 'T_flip_flops' [C:/Users/rayomnd/lab6_2_2/lab6_2_2.srcs/sources_1/new/Counter.v:17]
INFO: [Synth 8-6157] synthesizing module 'D_flip_flops' [C:/Users/rayomnd/lab6_2_2/lab6_2_2.srcs/sources_1/new/Counter.v:3]
INFO: [Synth 8-6155] done synthesizing module 'D_flip_flops' (1#1) [C:/Users/rayomnd/lab6_2_2/lab6_2_2.srcs/sources_1/new/Counter.v:3]
WARNING: [Synth 8-3848] Net Qbar in module/entity T_flip_flops does not have driver. [C:/Users/rayomnd/lab6_2_2/lab6_2_2.srcs/sources_1/new/Counter.v:22]
INFO: [Synth 8-6155] done synthesizing module 'T_flip_flops' (2#1) [C:/Users/rayomnd/lab6_2_2/lab6_2_2.srcs/sources_1/new/Counter.v:17]
WARNING: [Synth 8-350] instance 'TFF' of module 'T_flip_flops' requires 5 connections, but only 4 given [C:/Users/rayomnd/lab6_2_2/lab6_2_2.srcs/sources_1/new/Counter.v:43]
WARNING: [Synth 8-350] instance 'TFF' of module 'T_flip_flops' requires 5 connections, but only 4 given [C:/Users/rayomnd/lab6_2_2/lab6_2_2.srcs/sources_1/new/Counter.v:43]
WARNING: [Synth 8-350] instance 'TFF' of module 'T_flip_flops' requires 5 connections, but only 4 given [C:/Users/rayomnd/lab6_2_2/lab6_2_2.srcs/sources_1/new/Counter.v:43]
WARNING: [Synth 8-350] instance 'TFF' of module 'T_flip_flops' requires 5 connections, but only 4 given [C:/Users/rayomnd/lab6_2_2/lab6_2_2.srcs/sources_1/new/Counter.v:43]
WARNING: [Synth 8-350] instance 'TFF' of module 'T_flip_flops' requires 5 connections, but only 4 given [C:/Users/rayomnd/lab6_2_2/lab6_2_2.srcs/sources_1/new/Counter.v:43]
WARNING: [Synth 8-350] instance 'TFF' of module 'T_flip_flops' requires 5 connections, but only 4 given [C:/Users/rayomnd/lab6_2_2/lab6_2_2.srcs/sources_1/new/Counter.v:43]
WARNING: [Synth 8-350] instance 'TFF' of module 'T_flip_flops' requires 5 connections, but only 4 given [C:/Users/rayomnd/lab6_2_2/lab6_2_2.srcs/sources_1/new/Counter.v:43]
WARNING: [Synth 8-350] instance 'TFF' of module 'T_flip_flops' requires 5 connections, but only 4 given [C:/Users/rayomnd/lab6_2_2/lab6_2_2.srcs/sources_1/new/Counter.v:43]
WARNING: [Synth 8-324] index 8 out of range [C:/Users/rayomnd/lab6_2_2/lab6_2_2.srcs/sources_1/new/Counter.v:44]
INFO: [Synth 8-6155] done synthesizing module 'Counter_8bit' (3#1) [C:/Users/rayomnd/lab6_2_2/lab6_2_2.srcs/sources_1/new/Counter.v:31]
WARNING: [Synth 8-3331] design T_flip_flops has unconnected port Qbar
---------------------------------------------------------------------------------
Finished RTL Elaboration : Time (s): cpu = 00:00:03 ; elapsed = 00:00:03 . Memory (MB): peak = 388.547 ; gain = 155.348
---------------------------------------------------------------------------------

Report Check Netlist: 
+------+------------------+-------+---------+-------+------------------+
|      |Item              |Errors |Warnings |Status |Description       |
+------+------------------+-------+---------+-------+------------------+
|1     |multi_driven_nets |      0|        0|Passed |Multi driven nets |
+------+------------------+-------+---------+-------+------------------+
---------------------------------------------------------------------------------
Start Handling Custom Attributes
---------------------------------------------------------------------------------
---------------------------------------------------------------------------------
Finished Handling Custom Attributes : Time (s): cpu = 00:00:04 ; elapsed = 00:00:04 . Memory (MB): peak = 388.547 ; gain = 155.348
---------------------------------------------------------------------------------
---------------------------------------------------------------------------------
Finished RTL Optimization Phase 1 : Time (s): cpu = 00:00:04 ; elapsed = 00:00:04 . Memory (MB): peak = 388.547 ; gain = 155.348
---------------------------------------------------------------------------------
INFO: [Device 21-403] Loading part xc7a100tcsg324-1
INFO: [Project 1-570] Preparing netlist for logic optimization

Processing XDC Constraints
Initializing timing engine
Parsing XDC File [C:/Users/rayomnd/Desktop/数字电路实验/Nexys4DDR_Master.xdc]
WARNING: [Vivado 12-584] No ports matched 'swt[2]'. [C:/Users/rayomnd/Desktop/数字电路实验/Nexys4DDR_Master.xdc:15]
CRITICAL WARNING: [Common 17-55] 'set_property' expects at least one object. [C:/Users/rayomnd/Desktop/数字电路实验/Nexys4DDR_Master.xdc:15]
Resolution: If [get_<value>] was used to populate the object, check to make sure this command returns at least one valid object.
WARNING: [Vivado 12-584] No ports matched 'swt[3]'. [C:/Users/rayomnd/Desktop/数字电路实验/Nexys4DDR_Master.xdc:16]
CRITICAL WARNING: [Common 17-55] 'set_property' expects at least one object. [C:/Users/rayomnd/Desktop/数字电路实验/Nexys4DDR_Master.xdc:16]
Resolution: If [get_<value>] was used to populate the object, check to make sure this command returns at least one valid object.
WARNING: [Vivado 12-584] No ports matched 'swt[4]'. [C:/Users/rayomnd/Desktop/数字电路实验/Nexys4DDR_Master.xdc:17]
CRITICAL WARNING: [Common 17-55] 'set_property' expects at least one object. [C:/Users/rayomnd/Desktop/数字电路实验/Nexys4DDR_Master.xdc:17]
Resolution: If [get_<value>] was used to populate the object, check to make sure this command returns at least one valid object.
WARNING: [Vivado 12-584] No ports matched 'swt[5]'. [C:/Users/rayomnd/Desktop/数字电路实验/Nexys4DDR_Master.xdc:18]
CRITICAL WARNING: [Common 17-55] 'set_property' expects at least one object. [C:/Users/rayomnd/Desktop/数字电路实验/Nexys4DDR_Master.xdc:18]
Resolution: If [get_<value>] was used to populate the object, check to make sure this command returns at least one valid object.
WARNING: [Vivado 12-584] No ports matched 'swt[6]'. [C:/Users/rayomnd/Desktop/数字电路实验/Nexys4DDR_Master.xdc:19]
CRITICAL WARNING: [Common 17-55] 'set_property' expects at least one object. [C:/Users/rayomnd/Desktop/数字电路实验/Nexys4DDR_Master.xdc:19]
Resolution: If [get_<value>] was used to populate the object, check to make sure this command returns at least one valid object.
WARNING: [Vivado 12-584] No ports matched 'swt[7]'. [C:/Users/rayomnd/Desktop/数字电路实验/Nexys4DDR_Master.xdc:20]
CRITICAL WARNING: [Common 17-55] 'set_property' expects at least one object. [C:/Users/rayomnd/Desktop/数字电路实验/Nexys4DDR_Master.xdc:20]
Resolution: If [get_<value>] was used to populate the object, check to make sure this command returns at least one valid object.
WARNING: [Vivado 12-584] No ports matched 'swt[8]'. [C:/Users/rayomnd/Desktop/数字电路实验/Nexys4DDR_Master.xdc:21]
CRITICAL WARNING: [Common 17-55] 'set_property' expects at least one object. [C:/Users/rayomnd/Desktop/数字电路实验/Nexys4DDR_Master.xdc:21]
Resolution: If [get_<value>] was used to populate the object, check to make sure this command returns at least one valid object.
WARNING: [Vivado 12-584] No ports matched 'swt[9]'. [C:/Users/rayomnd/Desktop/数字电路实验/Nexys4DDR_Master.xdc:22]
CRITICAL WARNING: [Common 17-55] 'set_property' expects at least one object. [C:/Users/rayomnd/Desktop/数字电路实验/Nexys4DDR_Master.xdc:22]
Resolution: If [get_<value>] was used to populate the object, check to make sure this command returns at least one valid object.
WARNING: [Vivado 12-584] No ports matched 'swt[10]'. [C:/Users/rayomnd/Desktop/数字电路实验/Nexys4DDR_Master.xdc:23]
CRITICAL WARNING: [Common 17-55] 'set_property' expects at least one object. [C:/Users/rayomnd/Desktop/数字电路实验/Nexys4DDR_Master.xdc:23]
Resolution: If [get_<value>] was used to populate the object, check to make sure this command returns at least one valid object.
WARNING: [Vivado 12-584] No ports matched 'swt[11]'. [C:/Users/rayomnd/Desktop/数字电路实验/Nexys4DDR_Master.xdc:24]
CRITICAL WARNING: [Common 17-55] 'set_property' expects at least one object. [C:/Users/rayomnd/Desktop/数字电路实验/Nexys4DDR_Master.xdc:24]
Resolution: If [get_<value>] was used to populate the object, check to make sure this command returns at least one valid object.
WARNING: [Vivado 12-584] No ports matched 'swt[12]'. [C:/Users/rayomnd/Desktop/数字电路实验/Nexys4DDR_Master.xdc:25]
CRITICAL WARNING: [Common 17-55] 'set_property' expects at least one object. [C:/Users/rayomnd/Desktop/数字电路实验/Nexys4DDR_Master.xdc:25]
Resolution: If [get_<value>] was used to populate the object, check to make sure this command returns at least one valid object.
WARNING: [Vivado 12-584] No ports matched 'swt[13]'. [C:/Users/rayomnd/Desktop/数字电路实验/Nexys4DDR_Master.xdc:26]
CRITICAL WARNING: [Common 17-55] 'set_property' expects at least one object. [C:/Users/rayomnd/Desktop/数字电路实验/Nexys4DDR_Master.xdc:26]
Resolution: If [get_<value>] was used to populate the object, check to make sure this command returns at least one valid object.
WARNING: [Vivado 12-584] No ports matched 'swt[14]'. [C:/Users/rayomnd/Desktop/数字电路实验/Nexys4DDR_Master.xdc:27]
CRITICAL WARNING: [Common 17-55] 'set_property' expects at least one object. [C:/Users/rayomnd/Desktop/数字电路实验/Nexys4DDR_Master.xdc:27]
Resolution: If [get_<value>] was used to populate the object, check to make sure this command returns at least one valid object.
WARNING: [Vivado 12-584] No ports matched 'led[8]'. [C:/Users/rayomnd/Desktop/数字电路实验/Nexys4DDR_Master.xdc:41]
CRITICAL WARNING: [Common 17-55] 'set_property' expects at least one object. [C:/Users/rayomnd/Desktop/数字电路实验/Nexys4DDR_Master.xdc:41]
Resolution: If [get_<value>] was used to populate the object, check to make sure this command returns at least one valid object.
WARNING: [Vivado 12-584] No ports matched 'led[9]'. [C:/Users/rayomnd/Desktop/数字电路实验/Nexys4DDR_Master.xdc:42]
CRITICAL WARNING: [Common 17-55] 'set_property' expects at least one object. [C:/Users/rayomnd/Desktop/数字电路实验/Nexys4DDR_Master.xdc:42]
Resolution: If [get_<value>] was used to populate the object, check to make sure this command returns at least one valid object.
WARNING: [Vivado 12-584] No ports matched 'led[10]'. [C:/Users/rayomnd/Desktop/数字电路实验/Nexys4DDR_Master.xdc:43]
CRITICAL WARNING: [Common 17-55] 'set_property' expects at least one object. [C:/Users/rayomnd/Desktop/数字电路实验/Nexys4DDR_Master.xdc:43]
Resolution: If [get_<value>] was used to populate the object, check to make sure this command returns at least one valid object.
WARNING: [Vivado 12-584] No ports matched 'led[11]'. [C:/Users/rayomnd/Desktop/数字电路实验/Nexys4DDR_Master.xdc:44]
CRITICAL WARNING: [Common 17-55] 'set_property' expects at least one object. [C:/Users/rayomnd/Desktop/数字电路实验/Nexys4DDR_Master.xdc:44]
Resolution: If [get_<value>] was used to populate the object, check to make sure this command returns at least one valid object.
WARNING: [Vivado 12-584] No ports matched 'led[12]'. [C:/Users/rayomnd/Desktop/数字电路实验/Nexys4DDR_Master.xdc:45]
CRITICAL WARNING: [Common 17-55] 'set_property' expects at least one object. [C:/Users/rayomnd/Desktop/数字电路实验/Nexys4DDR_Master.xdc:45]
Resolution: If [get_<value>] was used to populate the object, check to make sure this command returns at least one valid object.
WARNING: [Vivado 12-584] No ports matched 'led[13]'. [C:/Users/rayomnd/Desktop/数字电路实验/Nexys4DDR_Master.xdc:46]
CRITICAL WARNING: [Common 17-55] 'set_property' expects at least one object. [C:/Users/rayomnd/Desktop/数字电路实验/Nexys4DDR_Master.xdc:46]
Resolution: If [get_<value>] was used to populate the object, check to make sure this command returns at least one valid object.
WARNING: [Vivado 12-584] No ports matched 'led[14]'. [C:/Users/rayomnd/Desktop/数字电路实验/Nexys4DDR_Master.xdc:47]
CRITICAL WARNING: [Common 17-55] 'set_property' expects at least one object. [C:/Users/rayomnd/Desktop/数字电路实验/Nexys4DDR_Master.xdc:47]
Resolution: If [get_<value>] was used to populate the object, check to make sure this command returns at least one valid object.
WARNING: [Vivado 12-584] No ports matched 'led[15]'. [C:/Users/rayomnd/Desktop/数字电路实验/Nexys4DDR_Master.xdc:48]
CRITICAL WARNING: [Common 17-55] 'set_property' expects at least one object. [C:/Users/rayomnd/Desktop/数字电路实验/Nexys4DDR_Master.xdc:48]
Resolution: If [get_<value>] was used to populate the object, check to make sure this command returns at least one valid object.
WARNING: [Vivado 12-584] No ports matched 'seg[0]'. [C:/Users/rayomnd/Desktop/数字电路实验/Nexys4DDR_Master.xdc:60]
CRITICAL WARNING: [Common 17-55] 'set_property' expects at least one object. [C:/Users/rayomnd/Desktop/数字电路实验/Nexys4DDR_Master.xdc:60]
Resolution: If [get_<value>] was used to populate the object, check to make sure this command returns at least one valid object.
WARNING: [Vivado 12-584] No ports matched 'seg[1]'. [C:/Users/rayomnd/Desktop/数字电路实验/Nexys4DDR_Master.xdc:61]
CRITICAL WARNING: [Common 17-55] 'set_property' expects at least one object. [C:/Users/rayomnd/Desktop/数字电路实验/Nexys4DDR_Master.xdc:61]
Resolution: If [get_<value>] was used to populate the object, check to make sure this command returns at least one valid object.
WARNING: [Vivado 12-584] No ports matched 'seg[2]'. [C:/Users/rayomnd/Desktop/数字电路实验/Nexys4DDR_Master.xdc:62]
CRITICAL WARNING: [Common 17-55] 'set_property' expects at least one object. [C:/Users/rayomnd/Desktop/数字电路实验/Nexys4DDR_Master.xdc:62]
Resolution: If [get_<value>] was used to populate the object, check to make sure this command returns at least one valid object.
WARNING: [Vivado 12-584] No ports matched 'seg[3]'. [C:/Users/rayomnd/Desktop/数字电路实验/Nexys4DDR_Master.xdc:63]
CRITICAL WARNING: [Common 17-55] 'set_property' expects at least one object. [C:/Users/rayomnd/Desktop/数字电路实验/Nexys4DDR_Master.xdc:63]
Resolution: If [get_<value>] was used to populate the object, check to make sure this command returns at least one valid object.
WARNING: [Vivado 12-584] No ports matched 'seg[4]'. [C:/Users/rayomnd/Desktop/数字电路实验/Nexys4DDR_Master.xdc:64]
CRITICAL WARNING: [Common 17-55] 'set_property' expects at least one object. [C:/Users/rayomnd/Desktop/数字电路实验/Nexys4DDR_Master.xdc:64]
Resolution: If [get_<value>] was used to populate the object, check to make sure this command returns at least one valid object.
WARNING: [Vivado 12-584] No ports matched 'seg[5]'. [C:/Users/rayomnd/Desktop/数字电路实验/Nexys4DDR_Master.xdc:65]
CRITICAL WARNING: [Common 17-55] 'set_property' expects at least one object. [C:/Users/rayomnd/Desktop/数字电路实验/Nexys4DDR_Master.xdc:65]
Resolution: If [get_<value>] was used to populate the object, check to make sure this command returns at least one valid object.
WARNING: [Vivado 12-584] No ports matched 'seg[6]'. [C:/Users/rayomnd/Desktop/数字电路实验/Nexys4DDR_Master.xdc:66]
CRITICAL WARNING: [Common 17-55] 'set_property' expects at least one object. [C:/Users/rayomnd/Desktop/数字电路实验/Nexys4DDR_Master.xdc:66]
Resolution: If [get_<value>] was used to populate the object, check to make sure this command returns at least one valid object.
WARNING: [Vivado 12-584] No ports matched 'AN[0]'. [C:/Users/rayomnd/Desktop/数字电路实验/Nexys4DDR_Master.xdc:70]
CRITICAL WARNING: [Common 17-55] 'set_property' expects at least one object. [C:/Users/rayomnd/Desktop/数字电路实验/Nexys4DDR_Master.xdc:70]
Resolution: If [get_<value>] was used to populate the object, check to make sure this command returns at least one valid object.
WARNING: [Vivado 12-584] No ports matched 'AN[1]'. [C:/Users/rayomnd/Desktop/数字电路实验/Nexys4DDR_Master.xdc:71]
CRITICAL WARNING: [Common 17-55] 'set_property' expects at least one object. [C:/Users/rayomnd/Desktop/数字电路实验/Nexys4DDR_Master.xdc:71]
Resolution: If [get_<value>] was used to populate the object, check to make sure this command returns at least one valid object.
WARNING: [Vivado 12-584] No ports matched 'AN[2]'. [C:/Users/rayomnd/Desktop/数字电路实验/Nexys4DDR_Master.xdc:72]
CRITICAL WARNING: [Common 17-55] 'set_property' expects at least one object. [C:/Users/rayomnd/Desktop/数字电路实验/Nexys4DDR_Master.xdc:72]
Resolution: If [get_<value>] was used to populate the object, check to make sure this command returns at least one valid object.
WARNING: [Vivado 12-584] No ports matched 'AN[3]'. [C:/Users/rayomnd/Desktop/数字电路实验/Nexys4DDR_Master.xdc:73]
CRITICAL WARNING: [Common 17-55] 'set_property' expects at least one object. [C:/Users/rayomnd/Desktop/数字电路实验/Nexys4DDR_Master.xdc:73]
Resolution: If [get_<value>] was used to populate the object, check to make sure this command returns at least one valid object.
WARNING: [Vivado 12-584] No ports matched 'AN[4]'. [C:/Users/rayomnd/Desktop/数字电路实验/Nexys4DDR_Master.xdc:74]
CRITICAL WARNING: [Common 17-55] 'set_property' expects at least one object. [C:/Users/rayomnd/Desktop/数字电路实验/Nexys4DDR_Master.xdc:74]
Resolution: If [get_<value>] was used to populate the object, check to make sure this command returns at least one valid object.
WARNING: [Vivado 12-584] No ports matched 'AN[5]'. [C:/Users/rayomnd/Desktop/数字电路实验/Nexys4DDR_Master.xdc:75]
CRITICAL WARNING: [Common 17-55] 'set_property' expects at least one object. [C:/Users/rayomnd/Desktop/数字电路实验/Nexys4DDR_Master.xdc:75]
Resolution: If [get_<value>] was used to populate the object, check to make sure this command returns at least one valid object.
WARNING: [Vivado 12-584] No ports matched 'AN[6]'. [C:/Users/rayomnd/Desktop/数字电路实验/Nexys4DDR_Master.xdc:76]
CRITICAL WARNING: [Common 17-55] 'set_property' expects at least one object. [C:/Users/rayomnd/Desktop/数字电路实验/Nexys4DDR_Master.xdc:76]
Resolution: If [get_<value>] was used to populate the object, check to make sure this command returns at least one valid object.
WARNING: [Vivado 12-584] No ports matched 'AN[7]'. [C:/Users/rayomnd/Desktop/数字电路实验/Nexys4DDR_Master.xdc:77]
CRITICAL WARNING: [Common 17-55] 'set_property' expects at least one object. [C:/Users/rayomnd/Desktop/数字电路实验/Nexys4DDR_Master.xdc:77]
Resolution: If [get_<value>] was used to populate the object, check to make sure this command returns at least one valid object.
Finished Parsing XDC File [C:/Users/rayomnd/Desktop/数字电路实验/Nexys4DDR_Master.xdc]
INFO: [Project 1-236] Implementation specific constraints were found while reading constraint file [C:/Users/rayomnd/Desktop/数字电路实验/Nexys4DDR_Master.xdc]. These constraints will be ignored for synthesis but will be used in implementation. Impacted constraints are listed in the file [.Xil/Counter_8bit_propImpl.xdc].
Resolution: To avoid this warning, move constraints listed in [.Xil/Counter_8bit_propImpl.xdc] to another XDC file and exclude this new file from synthesis with the used_in_synthesis property (File Properties dialog in GUI) and re-run elaboration/synthesis.
Completed Processing XDC Constraints

INFO: [Project 1-111] Unisim Transformation Summary:
No Unisim elements were transformed.

Constraint Validation Runtime : Time (s): cpu = 00:00:00 ; elapsed = 00:00:00.003 . Memory (MB): peak = 724.125 ; gain = 0.000
---------------------------------------------------------------------------------
Finished Constraint Validation : Time (s): cpu = 00:00:12 ; elapsed = 00:00:14 . Memory (MB): peak = 724.125 ; gain = 490.926
---------------------------------------------------------------------------------
---------------------------------------------------------------------------------
Start Loading Part and Timing Information
---------------------------------------------------------------------------------
Loading part: xc7a100tcsg324-1
---------------------------------------------------------------------------------
Finished Loading Part and Timing Information : Time (s): cpu = 00:00:12 ; elapsed = 00:00:14 . Memory (MB): peak = 724.125 ; gain = 490.926
---------------------------------------------------------------------------------
---------------------------------------------------------------------------------
Start Applying 'set_property' XDC Constraints
---------------------------------------------------------------------------------
---------------------------------------------------------------------------------
Finished applying 'set_property' XDC Constraints : Time (s): cpu = 00:00:12 ; elapsed = 00:00:14 . Memory (MB): peak = 724.125 ; gain = 490.926
---------------------------------------------------------------------------------
---------------------------------------------------------------------------------
Finished RTL Optimization Phase 2 : Time (s): cpu = 00:00:12 ; elapsed = 00:00:14 . Memory (MB): peak = 724.125 ; gain = 490.926
---------------------------------------------------------------------------------

Report RTL Partitions: 
+-+--------------+------------+----------+
| |RTL Partition |Replication |Instances |
+-+--------------+------------+----------+
+-+--------------+------------+----------+
---------------------------------------------------------------------------------
Start RTL Component Statistics 
---------------------------------------------------------------------------------
Detailed RTL Component Info : 
+---XORs : 
	   2 Input      1 Bit         XORs := 8     
+---Registers : 
	                1 Bit    Registers := 16    
---------------------------------------------------------------------------------
Finished RTL Component Statistics 
---------------------------------------------------------------------------------
---------------------------------------------------------------------------------
Start RTL Hierarchical Component Statistics 
---------------------------------------------------------------------------------
Hierarchical RTL Component report 
Module D_flip_flops 
Detailed RTL Component Info : 
+---Registers : 
	                1 Bit    Registers := 2     
Module T_flip_flops 
Detailed RTL Component Info : 
+---XORs : 
	   2 Input      1 Bit         XORs := 1     
---------------------------------------------------------------------------------
Finished RTL Hierarchical Component Statistics
---------------------------------------------------------------------------------
---------------------------------------------------------------------------------
Start Part Resource Summary
---------------------------------------------------------------------------------
Part Resources:
DSPs: 240 (col length:80)
BRAMs: 270 (col length: RAMB18 80 RAMB36 40)
---------------------------------------------------------------------------------
Finished Part Resource Summary
---------------------------------------------------------------------------------
---------------------------------------------------------------------------------
Start Cross Boundary and Area Optimization
---------------------------------------------------------------------------------
Warning: Parallel synthesis criteria is not met 
WARNING: [Synth 8-6014] Unused sequential element genblk1[0].TFF/DFF/Qbar_reg was removed.  [C:/Users/rayomnd/lab6_2_2/lab6_2_2.srcs/sources_1/new/Counter.v:12]
WARNING: [Synth 8-6014] Unused sequential element genblk1[1].TFF/DFF/Qbar_reg was removed.  [C:/Users/rayomnd/lab6_2_2/lab6_2_2.srcs/sources_1/new/Counter.v:12]
WARNING: [Synth 8-6014] Unused sequential element genblk1[2].TFF/DFF/Qbar_reg was removed.  [C:/Users/rayomnd/lab6_2_2/lab6_2_2.srcs/sources_1/new/Counter.v:12]
WARNING: [Synth 8-6014] Unused sequential element genblk1[3].TFF/DFF/Qbar_reg was removed.  [C:/Users/rayomnd/lab6_2_2/lab6_2_2.srcs/sources_1/new/Counter.v:12]
WARNING: [Synth 8-6014] Unused sequential element genblk1[4].TFF/DFF/Qbar_reg was removed.  [C:/Users/rayomnd/lab6_2_2/lab6_2_2.srcs/sources_1/new/Counter.v:12]
WARNING: [Synth 8-6014] Unused sequential element genblk1[5].TFF/DFF/Qbar_reg was removed.  [C:/Users/rayomnd/lab6_2_2/lab6_2_2.srcs/sources_1/new/Counter.v:12]
WARNING: [Synth 8-6014] Unused sequential element genblk1[6].TFF/DFF/Qbar_reg was removed.  [C:/Users/rayomnd/lab6_2_2/lab6_2_2.srcs/sources_1/new/Counter.v:12]
WARNING: [Synth 8-6014] Unused sequential element genblk1[7].TFF/DFF/Qbar_reg was removed.  [C:/Users/rayomnd/lab6_2_2/lab6_2_2.srcs/sources_1/new/Counter.v:12]
---------------------------------------------------------------------------------
Finished Cross Boundary and Area Optimization : Time (s): cpu = 00:00:13 ; elapsed = 00:00:15 . Memory (MB): peak = 724.125 ; gain = 490.926
---------------------------------------------------------------------------------

Report RTL Partitions: 
+-+--------------+------------+----------+
| |RTL Partition |Replication |Instances |
+-+--------------+------------+----------+
+-+--------------+------------+----------+
---------------------------------------------------------------------------------
Start Applying XDC Timing Constraints
---------------------------------------------------------------------------------
---------------------------------------------------------------------------------
Finished Applying XDC Timing Constraints : Time (s): cpu = 00:00:21 ; elapsed = 00:00:24 . Memory (MB): peak = 727.672 ; gain = 494.473
---------------------------------------------------------------------------------
---------------------------------------------------------------------------------
Start Timing Optimization
---------------------------------------------------------------------------------
---------------------------------------------------------------------------------
Finished Timing Optimization : Time (s): cpu = 00:00:21 ; elapsed = 00:00:24 . Memory (MB): peak = 727.672 ; gain = 494.473
---------------------------------------------------------------------------------

Report RTL Partitions: 
+-+--------------+------------+----------+
| |RTL Partition |Replication |Instances |
+-+--------------+------------+----------+
+-+--------------+------------+----------+
---------------------------------------------------------------------------------
Start Technology Mapping
---------------------------------------------------------------------------------
---------------------------------------------------------------------------------
Finished Technology Mapping : Time (s): cpu = 00:00:21 ; elapsed = 00:00:24 . Memory (MB): peak = 737.203 ; gain = 504.004
---------------------------------------------------------------------------------

Report RTL Partitions: 
+-+--------------+------------+----------+
| |RTL Partition |Replication |Instances |
+-+--------------+------------+----------+
+-+--------------+------------+----------+
---------------------------------------------------------------------------------
Start IO Insertion
---------------------------------------------------------------------------------
---------------------------------------------------------------------------------
Start Flattening Before IO Insertion
---------------------------------------------------------------------------------
---------------------------------------------------------------------------------
Finished Flattening Before IO Insertion
---------------------------------------------------------------------------------
---------------------------------------------------------------------------------
Start Final Netlist Cleanup
---------------------------------------------------------------------------------
---------------------------------------------------------------------------------
Finished Final Netlist Cleanup
---------------------------------------------------------------------------------
---------------------------------------------------------------------------------
Finished IO Insertion : Time (s): cpu = 00:00:22 ; elapsed = 00:00:25 . Memory (MB): peak = 737.203 ; gain = 504.004
---------------------------------------------------------------------------------

Report Check Netlist: 
+------+------------------+-------+---------+-------+------------------+
|      |Item              |Errors |Warnings |Status |Description       |
+------+------------------+-------+---------+-------+------------------+
|1     |multi_driven_nets |      0|        0|Passed |Multi driven nets |
+------+------------------+-------+---------+-------+------------------+
---------------------------------------------------------------------------------
Start Renaming Generated Instances
---------------------------------------------------------------------------------
---------------------------------------------------------------------------------
Finished Renaming Generated Instances : Time (s): cpu = 00:00:22 ; elapsed = 00:00:25 . Memory (MB): peak = 737.203 ; gain = 504.004
---------------------------------------------------------------------------------

Report RTL Partitions: 
+-+--------------+------------+----------+
| |RTL Partition |Replication |Instances |
+-+--------------+------------+----------+
+-+--------------+------------+----------+
---------------------------------------------------------------------------------
Start Rebuilding User Hierarchy
---------------------------------------------------------------------------------
---------------------------------------------------------------------------------
Finished Rebuilding User Hierarchy : Time (s): cpu = 00:00:22 ; elapsed = 00:00:25 . Memory (MB): peak = 737.203 ; gain = 504.004
---------------------------------------------------------------------------------
---------------------------------------------------------------------------------
Start Renaming Generated Ports
---------------------------------------------------------------------------------
---------------------------------------------------------------------------------
Finished Renaming Generated Ports : Time (s): cpu = 00:00:22 ; elapsed = 00:00:25 . Memory (MB): peak = 737.203 ; gain = 504.004
---------------------------------------------------------------------------------
---------------------------------------------------------------------------------
Start Handling Custom Attributes
---------------------------------------------------------------------------------
---------------------------------------------------------------------------------
Finished Handling Custom Attributes : Time (s): cpu = 00:00:22 ; elapsed = 00:00:25 . Memory (MB): peak = 737.203 ; gain = 504.004
---------------------------------------------------------------------------------
---------------------------------------------------------------------------------
Start Renaming Generated Nets
---------------------------------------------------------------------------------
---------------------------------------------------------------------------------
Finished Renaming Generated Nets : Time (s): cpu = 00:00:22 ; elapsed = 00:00:25 . Memory (MB): peak = 737.203 ; gain = 504.004
---------------------------------------------------------------------------------
---------------------------------------------------------------------------------
Start Writing Synthesis Report
---------------------------------------------------------------------------------

Report BlackBoxes: 
+-+--------------+----------+
| |BlackBox name |Instances |
+-+--------------+----------+
+-+--------------+----------+

Report Cell Usage: 
+------+-----+------+
|      |Cell |Count |
+------+-----+------+
|1     |BUFG |     1|
|2     |LUT1 |     1|
|3     |LUT2 |     1|
|4     |LUT3 |     2|
|5     |LUT4 |     2|
|6     |LUT5 |     3|
|7     |LUT6 |     1|
|8     |FDRE |     8|
|9     |IBUF |     3|
|10    |OBUF |     8|
+------+-----+------+

Report Instance Areas: 
+------+-------------------+----------------+------+
|      |Instance           |Module          |Cells |
+------+-------------------+----------------+------+
|1     |top                |                |    30|
|2     |  \genblk1[0].TFF  |T_flip_flops    |     3|
|3     |    DFF            |D_flip_flops_13 |     3|
|4     |  \genblk1[1].TFF  |T_flip_flops_0  |     2|
|5     |    DFF            |D_flip_flops_12 |     2|
|6     |  \genblk1[2].TFF  |T_flip_flops_1  |     5|
|7     |    DFF            |D_flip_flops_11 |     5|
|8     |  \genblk1[3].TFF  |T_flip_flops_2  |     2|
|9     |    DFF            |D_flip_flops_10 |     2|
|10    |  \genblk1[4].TFF  |T_flip_flops_3  |     2|
|11    |    DFF            |D_flip_flops_9  |     2|
|12    |  \genblk1[5].TFF  |T_flip_flops_4  |     1|
|13    |    DFF            |D_flip_flops_8  |     1|
|14    |  \genblk1[6].TFF  |T_flip_flops_5  |     1|
|15    |    DFF            |D_flip_flops_7  |     1|
|16    |  \genblk1[7].TFF  |T_flip_flops_6  |     2|
|17    |    DFF            |D_flip_flops    |     2|
+------+-------------------+----------------+------+
---------------------------------------------------------------------------------
Finished Writing Synthesis Report : Time (s): cpu = 00:00:22 ; elapsed = 00:00:25 . Memory (MB): peak = 737.203 ; gain = 504.004
---------------------------------------------------------------------------------
Synthesis finished with 0 errors, 0 critical warnings and 8 warnings.
Synthesis Optimization Runtime : Time (s): cpu = 00:00:12 ; elapsed = 00:00:17 . Memory (MB): peak = 737.203 ; gain = 168.426
Synthesis Optimization Complete : Time (s): cpu = 00:00:22 ; elapsed = 00:00:25 . Memory (MB): peak = 737.203 ; gain = 504.004
INFO: [Project 1-571] Translating synthesized netlist
INFO: [Netlist 29-17] Analyzing 3 Unisim elements for replacement
INFO: [Netlist 29-28] Unisim Transformation completed in 0 CPU seconds
INFO: [Project 1-570] Preparing netlist for logic optimization
INFO: [Opt 31-138] Pushed 0 inverter(s) to 0 load pin(s).
INFO: [Project 1-111] Unisim Transformation Summary:
No Unisim elements were transformed.

INFO: [Common 17-83] Releasing license: Synthesis
18 Infos, 55 Warnings, 36 Critical Warnings and 0 Errors encountered.
synth_design completed successfully
synth_design: Time (s): cpu = 00:00:24 ; elapsed = 00:00:27 . Memory (MB): peak = 750.129 ; gain = 529.750
WARNING: [Constraints 18-5210] No constraint will be written out.
INFO: [Common 17-1381] The checkpoint 'C:/Users/rayomnd/lab6_2_2/lab6_2_2.runs/synth_1/Counter_8bit.dcp' has been generated.
INFO: [runtcl-4] Executing : report_utilization -file Counter_8bit_utilization_synth.rpt -pb Counter_8bit_utilization_synth.pb
report_utilization: Time (s): cpu = 00:00:00 ; elapsed = 00:00:00.033 . Memory (MB): peak = 750.129 ; gain = 0.000
INFO: [Common 17-206] Exiting Vivado at Fri Nov  9 15:45:25 2018...
