Vivado Simulator 2018.2
Copyright 1986-1999, 2001-2018 Xilinx, Inc. All Rights Reserved.
Running: D:/Xilinx/Vivado/2018.2/bin/unwrapped/win64.o/xelab.exe -wto 13d17e5ca88c405d80e950d5d6e52278 --incr --debug typical --relax --mt 2 -L xbip_utils_v3_0_9 -L c_reg_fd_v12_0_5 -L xbip_dsp48_wrapper_v3_0_4 -L xbip_pipe_v3_0_5 -L xbip_dsp48_addsub_v3_0_5 -L xbip_addsub_v3_0_5 -L c_addsub_v12_0_12 -L c_gate_bit_v12_0_5 -L xbip_counter_v3_0_5 -L c_counter_binary_v12_0_12 -L xil_defaultlib -L unisims_ver -L unimacro_ver -L secureip -L xpm --snapshot bcd_counter_tb_behav xil_defaultlib.bcd_counter_tb xil_defaultlib.glbl -log elaborate.log 
Using 2 slave threads.
Starting static elaboration
WARNING: [VRFC 10-1374] size mismatch in mixed language port association, vhdl port ce [D:/Codes/Digital-circuit-course/lab8_2_1/lab8_2_1.srcs/sources_1/new/bcd_counter.v:29]
Completed static elaboration
Starting simulation data flow analysis
Completed simulation data flow analysis
Time Resolution for simulation is 1ps
Compiling package std.standard
Compiling package std.textio
Compiling package ieee.std_logic_1164
Compiling package ieee.numeric_std
Compiling package c_counter_binary_v12_0_12.c_counter_binary_v12_0_12_viv_co...
Compiling package xbip_utils_v3_0_9.xbip_utils_v3_0_9_pkg
Compiling package xbip_counter_v3_0_5.xbip_counter_v3_0_5_viv_comp
Compiling package ieee.std_logic_arith
Compiling package ieee.std_logic_unsigned
Compiling package xbip_counter_v3_0_5.xbip_counter_v3_0_5_pkg
Compiling package c_counter_binary_v12_0_12.c_counter_binary_v12_0_12_pkg
Compiling package c_addsub_v12_0_12.c_addsub_v12_0_12_pkg_legacy
Compiling package c_reg_fd_v12_0_5.c_reg_fd_v12_0_5_viv_comp
Compiling package c_addsub_v12_0_12.c_addsub_v12_0_12_pkg
Compiling package unisim.vcomponents
Compiling architecture structural of entity c_reg_fd_v12_0_5.c_reg_fd_v12_0_5_viv [\c_reg_fd_v12_0_5_viv(c_width=4,...]
Compiling architecture muxcy_v of entity unisim.MUXCY [muxcy_default]
Compiling architecture xorcy_v of entity unisim.XORCY [xorcy_default]
Compiling architecture rtl of entity c_addsub_v12_0_12.c_addsub_v12_0_12_lut6_legacy [\c_addsub_v12_0_12_lut6_legacy(c...]
Compiling architecture synth of entity c_addsub_v12_0_12.c_addsub_v12_0_12_fabric_legacy [\c_addsub_v12_0_12_fabric_legacy...]
Compiling architecture synth of entity c_addsub_v12_0_12.c_addsub_v12_0_12_legacy [\c_addsub_v12_0_12_legacy(c_fami...]
Compiling architecture synth of entity c_counter_binary_v12_0_12.c_counter_binary_v12_0_12_legacy [\c_counter_binary_v12_0_12_legac...]
Compiling architecture synth of entity c_counter_binary_v12_0_12.c_counter_binary_v12_0_12_viv [\c_counter_binary_v12_0_12_viv(c...]
Compiling architecture xilinx of entity c_counter_binary_v12_0_12.c_counter_binary_v12_0_12 [\c_counter_binary_v12_0_12(c_xde...]
Compiling architecture c_counter_binary_0_arch of entity xil_defaultlib.c_counter_binary_0 [c_counter_binary_0_default]
Compiling module xil_defaultlib.bcd_counter
Compiling module xil_defaultlib.bcd_counter_tb
Compiling module xil_defaultlib.glbl
Built simulation snapshot bcd_counter_tb_behav
