#-----------------------------------------------------------
# Vivado v2018.2 (64-bit)
# SW Build 2258646 on Thu Jun 14 20:03:12 MDT 2018
# IP Build 2256618 on Thu Jun 14 22:10:49 MDT 2018
# Start of session at: Fri Nov 30 19:38:56 2018
# Process ID: 3472
# Current directory: D:/Codes/Digital-circuit-course/lab10_1_1
# Command line: vivado.exe -gui_launcher_event rodinguilauncherevent16452 D:\Codes\Digital-circuit-course\lab10_1_1\lab10_1_1.xpr
# Log file: D:/Codes/Digital-circuit-course/lab10_1_1/vivado.log
# Journal file: D:/Codes/Digital-circuit-course/lab10_1_1\vivado.jou
#-----------------------------------------------------------
start_gui
open_project D:/Codes/Digital-circuit-course/lab10_1_1/lab10_1_1.xpr
INFO: [Project 1-313] Project file moved from 'C:/Users/admin/Desktop/lab10_1_1' since last save.
Scanning sources...
Finished scanning sources
INFO: [Project 1-230] Project 'lab10_1_1.xpr' upgraded for this version of Vivado.
INFO: [IP_Flow 19-234] Refreshing IP repositories
INFO: [IP_Flow 19-1704] No user IP repositories specified
INFO: [IP_Flow 19-2313] Loaded Vivado IP repository 'D:/Xilinx/Vivado/2018.2/data/ip'.
open_project: Time (s): cpu = 00:00:12 ; elapsed = 00:00:06 . Memory (MB): peak = 782.516 ; gain = 53.660
update_compile_order -fileset sources_1
synth_design -rtl -name rtl_1
Command: synth_design -rtl -name rtl_1
Starting synth_design
Using part: xc7a100tcsg324-1
Top: top
---------------------------------------------------------------------------------
Starting RTL Elaboration : Time (s): cpu = 00:00:04 ; elapsed = 00:00:03 . Memory (MB): peak = 888.453 ; gain = 64.273
---------------------------------------------------------------------------------
INFO: [Synth 8-6157] synthesizing module 'top' [D:/Codes/Digital-circuit-course/lab10_1_1/lab10_1_1.srcs/sources_1/new/top.v:3]
	Parameter S0 bound to: 2'b00 
	Parameter S1 bound to: 2'b01 
	Parameter S2 bound to: 2'b10 
INFO: [Synth 8-155] case statement is not full and has no default [D:/Codes/Digital-circuit-course/lab10_1_1/lab10_1_1.srcs/sources_1/new/top.v:16]
INFO: [Synth 8-6155] done synthesizing module 'top' (1#1) [D:/Codes/Digital-circuit-course/lab10_1_1/lab10_1_1.srcs/sources_1/new/top.v:3]
---------------------------------------------------------------------------------
Finished RTL Elaboration : Time (s): cpu = 00:00:04 ; elapsed = 00:00:03 . Memory (MB): peak = 928.820 ; gain = 104.641
---------------------------------------------------------------------------------

Report Check Netlist: 
+------+------------------+-------+---------+-------+------------------+
|      |Item              |Errors |Warnings |Status |Description       |
+------+------------------+-------+---------+-------+------------------+
|1     |multi_driven_nets |      0|        0|Passed |Multi driven nets |
+------+------------------+-------+---------+-------+------------------+
---------------------------------------------------------------------------------
Start Handling Custom Attributes
---------------------------------------------------------------------------------
---------------------------------------------------------------------------------
Finished Handling Custom Attributes : Time (s): cpu = 00:00:04 ; elapsed = 00:00:03 . Memory (MB): peak = 928.820 ; gain = 104.641
---------------------------------------------------------------------------------
---------------------------------------------------------------------------------
Finished RTL Optimization Phase 1 : Time (s): cpu = 00:00:04 ; elapsed = 00:00:03 . Memory (MB): peak = 928.820 ; gain = 104.641
---------------------------------------------------------------------------------
INFO: [Device 21-403] Loading part xc7a100tcsg324-1
INFO: [Project 1-570] Preparing netlist for logic optimization

Processing XDC Constraints
Initializing timing engine
Parsing XDC File [D:/Codes/Digital-circuit-course/lab10_1_1/lab10_1_1.srcs/constrs_1/imports/Desktop/Nexys4DDR_Master.xdc]
WARNING: [Vivado 12-584] No ports matched 'ain[0]'. [D:/Codes/Digital-circuit-course/lab10_1_1/lab10_1_1.srcs/constrs_1/imports/Desktop/Nexys4DDR_Master.xdc:14]
CRITICAL WARNING: [Common 17-55] 'set_property' expects at least one object. [D:/Codes/Digital-circuit-course/lab10_1_1/lab10_1_1.srcs/constrs_1/imports/Desktop/Nexys4DDR_Master.xdc:14]
Resolution: If [get_<value>] was used to populate the object, check to make sure this command returns at least one valid object.
WARNING: [Vivado 12-584] No ports matched 'ain[1]'. [D:/Codes/Digital-circuit-course/lab10_1_1/lab10_1_1.srcs/constrs_1/imports/Desktop/Nexys4DDR_Master.xdc:15]
CRITICAL WARNING: [Common 17-55] 'set_property' expects at least one object. [D:/Codes/Digital-circuit-course/lab10_1_1/lab10_1_1.srcs/constrs_1/imports/Desktop/Nexys4DDR_Master.xdc:15]
Resolution: If [get_<value>] was used to populate the object, check to make sure this command returns at least one valid object.
WARNING: [Vivado 12-584] No ports matched 'swt[2]'. [D:/Codes/Digital-circuit-course/lab10_1_1/lab10_1_1.srcs/constrs_1/imports/Desktop/Nexys4DDR_Master.xdc:16]
CRITICAL WARNING: [Common 17-55] 'set_property' expects at least one object. [D:/Codes/Digital-circuit-course/lab10_1_1/lab10_1_1.srcs/constrs_1/imports/Desktop/Nexys4DDR_Master.xdc:16]
Resolution: If [get_<value>] was used to populate the object, check to make sure this command returns at least one valid object.
WARNING: [Vivado 12-584] No ports matched 'swt[3]'. [D:/Codes/Digital-circuit-course/lab10_1_1/lab10_1_1.srcs/constrs_1/imports/Desktop/Nexys4DDR_Master.xdc:17]
CRITICAL WARNING: [Common 17-55] 'set_property' expects at least one object. [D:/Codes/Digital-circuit-course/lab10_1_1/lab10_1_1.srcs/constrs_1/imports/Desktop/Nexys4DDR_Master.xdc:17]
Resolution: If [get_<value>] was used to populate the object, check to make sure this command returns at least one valid object.
WARNING: [Vivado 12-584] No ports matched 'swt[4]'. [D:/Codes/Digital-circuit-course/lab10_1_1/lab10_1_1.srcs/constrs_1/imports/Desktop/Nexys4DDR_Master.xdc:18]
CRITICAL WARNING: [Common 17-55] 'set_property' expects at least one object. [D:/Codes/Digital-circuit-course/lab10_1_1/lab10_1_1.srcs/constrs_1/imports/Desktop/Nexys4DDR_Master.xdc:18]
Resolution: If [get_<value>] was used to populate the object, check to make sure this command returns at least one valid object.
WARNING: [Vivado 12-584] No ports matched 'swt[5]'. [D:/Codes/Digital-circuit-course/lab10_1_1/lab10_1_1.srcs/constrs_1/imports/Desktop/Nexys4DDR_Master.xdc:19]
CRITICAL WARNING: [Common 17-55] 'set_property' expects at least one object. [D:/Codes/Digital-circuit-course/lab10_1_1/lab10_1_1.srcs/constrs_1/imports/Desktop/Nexys4DDR_Master.xdc:19]
Resolution: If [get_<value>] was used to populate the object, check to make sure this command returns at least one valid object.
WARNING: [Vivado 12-584] No ports matched 'swt[6]'. [D:/Codes/Digital-circuit-course/lab10_1_1/lab10_1_1.srcs/constrs_1/imports/Desktop/Nexys4DDR_Master.xdc:20]
CRITICAL WARNING: [Common 17-55] 'set_property' expects at least one object. [D:/Codes/Digital-circuit-course/lab10_1_1/lab10_1_1.srcs/constrs_1/imports/Desktop/Nexys4DDR_Master.xdc:20]
Resolution: If [get_<value>] was used to populate the object, check to make sure this command returns at least one valid object.
WARNING: [Vivado 12-584] No ports matched 'swt[7]'. [D:/Codes/Digital-circuit-course/lab10_1_1/lab10_1_1.srcs/constrs_1/imports/Desktop/Nexys4DDR_Master.xdc:21]
CRITICAL WARNING: [Common 17-55] 'set_property' expects at least one object. [D:/Codes/Digital-circuit-course/lab10_1_1/lab10_1_1.srcs/constrs_1/imports/Desktop/Nexys4DDR_Master.xdc:21]
Resolution: If [get_<value>] was used to populate the object, check to make sure this command returns at least one valid object.
WARNING: [Vivado 12-584] No ports matched 'swt[8]'. [D:/Codes/Digital-circuit-course/lab10_1_1/lab10_1_1.srcs/constrs_1/imports/Desktop/Nexys4DDR_Master.xdc:22]
CRITICAL WARNING: [Common 17-55] 'set_property' expects at least one object. [D:/Codes/Digital-circuit-course/lab10_1_1/lab10_1_1.srcs/constrs_1/imports/Desktop/Nexys4DDR_Master.xdc:22]
Resolution: If [get_<value>] was used to populate the object, check to make sure this command returns at least one valid object.
WARNING: [Vivado 12-584] No ports matched 'swt[9]'. [D:/Codes/Digital-circuit-course/lab10_1_1/lab10_1_1.srcs/constrs_1/imports/Desktop/Nexys4DDR_Master.xdc:23]
CRITICAL WARNING: [Common 17-55] 'set_property' expects at least one object. [D:/Codes/Digital-circuit-course/lab10_1_1/lab10_1_1.srcs/constrs_1/imports/Desktop/Nexys4DDR_Master.xdc:23]
Resolution: If [get_<value>] was used to populate the object, check to make sure this command returns at least one valid object.
WARNING: [Vivado 12-584] No ports matched 'swt[10]'. [D:/Codes/Digital-circuit-course/lab10_1_1/lab10_1_1.srcs/constrs_1/imports/Desktop/Nexys4DDR_Master.xdc:24]
CRITICAL WARNING: [Common 17-55] 'set_property' expects at least one object. [D:/Codes/Digital-circuit-course/lab10_1_1/lab10_1_1.srcs/constrs_1/imports/Desktop/Nexys4DDR_Master.xdc:24]
Resolution: If [get_<value>] was used to populate the object, check to make sure this command returns at least one valid object.
WARNING: [Vivado 12-584] No ports matched 'swt[11]'. [D:/Codes/Digital-circuit-course/lab10_1_1/lab10_1_1.srcs/constrs_1/imports/Desktop/Nexys4DDR_Master.xdc:25]
CRITICAL WARNING: [Common 17-55] 'set_property' expects at least one object. [D:/Codes/Digital-circuit-course/lab10_1_1/lab10_1_1.srcs/constrs_1/imports/Desktop/Nexys4DDR_Master.xdc:25]
Resolution: If [get_<value>] was used to populate the object, check to make sure this command returns at least one valid object.
WARNING: [Vivado 12-584] No ports matched 'swt[12]'. [D:/Codes/Digital-circuit-course/lab10_1_1/lab10_1_1.srcs/constrs_1/imports/Desktop/Nexys4DDR_Master.xdc:26]
CRITICAL WARNING: [Common 17-55] 'set_property' expects at least one object. [D:/Codes/Digital-circuit-course/lab10_1_1/lab10_1_1.srcs/constrs_1/imports/Desktop/Nexys4DDR_Master.xdc:26]
Resolution: If [get_<value>] was used to populate the object, check to make sure this command returns at least one valid object.
WARNING: [Vivado 12-584] No ports matched 'swt[13]'. [D:/Codes/Digital-circuit-course/lab10_1_1/lab10_1_1.srcs/constrs_1/imports/Desktop/Nexys4DDR_Master.xdc:27]
CRITICAL WARNING: [Common 17-55] 'set_property' expects at least one object. [D:/Codes/Digital-circuit-course/lab10_1_1/lab10_1_1.srcs/constrs_1/imports/Desktop/Nexys4DDR_Master.xdc:27]
Resolution: If [get_<value>] was used to populate the object, check to make sure this command returns at least one valid object.
WARNING: [Vivado 12-584] No ports matched 'swt[14]'. [D:/Codes/Digital-circuit-course/lab10_1_1/lab10_1_1.srcs/constrs_1/imports/Desktop/Nexys4DDR_Master.xdc:28]
CRITICAL WARNING: [Common 17-55] 'set_property' expects at least one object. [D:/Codes/Digital-circuit-course/lab10_1_1/lab10_1_1.srcs/constrs_1/imports/Desktop/Nexys4DDR_Master.xdc:28]
Resolution: If [get_<value>] was used to populate the object, check to make sure this command returns at least one valid object.
WARNING: [Vivado 12-584] No ports matched 'led[1]'. [D:/Codes/Digital-circuit-course/lab10_1_1/lab10_1_1.srcs/constrs_1/imports/Desktop/Nexys4DDR_Master.xdc:35]
CRITICAL WARNING: [Common 17-55] 'set_property' expects at least one object. [D:/Codes/Digital-circuit-course/lab10_1_1/lab10_1_1.srcs/constrs_1/imports/Desktop/Nexys4DDR_Master.xdc:35]
Resolution: If [get_<value>] was used to populate the object, check to make sure this command returns at least one valid object.
WARNING: [Vivado 12-584] No ports matched 'led[2]'. [D:/Codes/Digital-circuit-course/lab10_1_1/lab10_1_1.srcs/constrs_1/imports/Desktop/Nexys4DDR_Master.xdc:36]
CRITICAL WARNING: [Common 17-55] 'set_property' expects at least one object. [D:/Codes/Digital-circuit-course/lab10_1_1/lab10_1_1.srcs/constrs_1/imports/Desktop/Nexys4DDR_Master.xdc:36]
Resolution: If [get_<value>] was used to populate the object, check to make sure this command returns at least one valid object.
WARNING: [Vivado 12-584] No ports matched 'led[3]'. [D:/Codes/Digital-circuit-course/lab10_1_1/lab10_1_1.srcs/constrs_1/imports/Desktop/Nexys4DDR_Master.xdc:37]
CRITICAL WARNING: [Common 17-55] 'set_property' expects at least one object. [D:/Codes/Digital-circuit-course/lab10_1_1/lab10_1_1.srcs/constrs_1/imports/Desktop/Nexys4DDR_Master.xdc:37]
Resolution: If [get_<value>] was used to populate the object, check to make sure this command returns at least one valid object.
WARNING: [Vivado 12-584] No ports matched 'led[8]'. [D:/Codes/Digital-circuit-course/lab10_1_1/lab10_1_1.srcs/constrs_1/imports/Desktop/Nexys4DDR_Master.xdc:42]
CRITICAL WARNING: [Common 17-55] 'set_property' expects at least one object. [D:/Codes/Digital-circuit-course/lab10_1_1/lab10_1_1.srcs/constrs_1/imports/Desktop/Nexys4DDR_Master.xdc:42]
Resolution: If [get_<value>] was used to populate the object, check to make sure this command returns at least one valid object.
WARNING: [Vivado 12-584] No ports matched 'led[9]'. [D:/Codes/Digital-circuit-course/lab10_1_1/lab10_1_1.srcs/constrs_1/imports/Desktop/Nexys4DDR_Master.xdc:43]
CRITICAL WARNING: [Common 17-55] 'set_property' expects at least one object. [D:/Codes/Digital-circuit-course/lab10_1_1/lab10_1_1.srcs/constrs_1/imports/Desktop/Nexys4DDR_Master.xdc:43]
Resolution: If [get_<value>] was used to populate the object, check to make sure this command returns at least one valid object.
WARNING: [Vivado 12-584] No ports matched 'led[10]'. [D:/Codes/Digital-circuit-course/lab10_1_1/lab10_1_1.srcs/constrs_1/imports/Desktop/Nexys4DDR_Master.xdc:44]
CRITICAL WARNING: [Common 17-55] 'set_property' expects at least one object. [D:/Codes/Digital-circuit-course/lab10_1_1/lab10_1_1.srcs/constrs_1/imports/Desktop/Nexys4DDR_Master.xdc:44]
Resolution: If [get_<value>] was used to populate the object, check to make sure this command returns at least one valid object.
WARNING: [Vivado 12-584] No ports matched 'led[11]'. [D:/Codes/Digital-circuit-course/lab10_1_1/lab10_1_1.srcs/constrs_1/imports/Desktop/Nexys4DDR_Master.xdc:45]
CRITICAL WARNING: [Common 17-55] 'set_property' expects at least one object. [D:/Codes/Digital-circuit-course/lab10_1_1/lab10_1_1.srcs/constrs_1/imports/Desktop/Nexys4DDR_Master.xdc:45]
Resolution: If [get_<value>] was used to populate the object, check to make sure this command returns at least one valid object.
WARNING: [Vivado 12-584] No ports matched 'led[12]'. [D:/Codes/Digital-circuit-course/lab10_1_1/lab10_1_1.srcs/constrs_1/imports/Desktop/Nexys4DDR_Master.xdc:46]
CRITICAL WARNING: [Common 17-55] 'set_property' expects at least one object. [D:/Codes/Digital-circuit-course/lab10_1_1/lab10_1_1.srcs/constrs_1/imports/Desktop/Nexys4DDR_Master.xdc:46]
Resolution: If [get_<value>] was used to populate the object, check to make sure this command returns at least one valid object.
WARNING: [Vivado 12-584] No ports matched 'led[13]'. [D:/Codes/Digital-circuit-course/lab10_1_1/lab10_1_1.srcs/constrs_1/imports/Desktop/Nexys4DDR_Master.xdc:47]
CRITICAL WARNING: [Common 17-55] 'set_property' expects at least one object. [D:/Codes/Digital-circuit-course/lab10_1_1/lab10_1_1.srcs/constrs_1/imports/Desktop/Nexys4DDR_Master.xdc:47]
Resolution: If [get_<value>] was used to populate the object, check to make sure this command returns at least one valid object.
WARNING: [Vivado 12-584] No ports matched 'led[14]'. [D:/Codes/Digital-circuit-course/lab10_1_1/lab10_1_1.srcs/constrs_1/imports/Desktop/Nexys4DDR_Master.xdc:48]
CRITICAL WARNING: [Common 17-55] 'set_property' expects at least one object. [D:/Codes/Digital-circuit-course/lab10_1_1/lab10_1_1.srcs/constrs_1/imports/Desktop/Nexys4DDR_Master.xdc:48]
Resolution: If [get_<value>] was used to populate the object, check to make sure this command returns at least one valid object.
WARNING: [Vivado 12-584] No ports matched 'led[15]'. [D:/Codes/Digital-circuit-course/lab10_1_1/lab10_1_1.srcs/constrs_1/imports/Desktop/Nexys4DDR_Master.xdc:49]
CRITICAL WARNING: [Common 17-55] 'set_property' expects at least one object. [D:/Codes/Digital-circuit-course/lab10_1_1/lab10_1_1.srcs/constrs_1/imports/Desktop/Nexys4DDR_Master.xdc:49]
Resolution: If [get_<value>] was used to populate the object, check to make sure this command returns at least one valid object.
WARNING: [Vivado 12-584] No ports matched 'seg[0]'. [D:/Codes/Digital-circuit-course/lab10_1_1/lab10_1_1.srcs/constrs_1/imports/Desktop/Nexys4DDR_Master.xdc:61]
CRITICAL WARNING: [Common 17-55] 'set_property' expects at least one object. [D:/Codes/Digital-circuit-course/lab10_1_1/lab10_1_1.srcs/constrs_1/imports/Desktop/Nexys4DDR_Master.xdc:61]
Resolution: If [get_<value>] was used to populate the object, check to make sure this command returns at least one valid object.
WARNING: [Vivado 12-584] No ports matched 'seg[1]'. [D:/Codes/Digital-circuit-course/lab10_1_1/lab10_1_1.srcs/constrs_1/imports/Desktop/Nexys4DDR_Master.xdc:62]
CRITICAL WARNING: [Common 17-55] 'set_property' expects at least one object. [D:/Codes/Digital-circuit-course/lab10_1_1/lab10_1_1.srcs/constrs_1/imports/Desktop/Nexys4DDR_Master.xdc:62]
Resolution: If [get_<value>] was used to populate the object, check to make sure this command returns at least one valid object.
WARNING: [Vivado 12-584] No ports matched 'seg[2]'. [D:/Codes/Digital-circuit-course/lab10_1_1/lab10_1_1.srcs/constrs_1/imports/Desktop/Nexys4DDR_Master.xdc:63]
CRITICAL WARNING: [Common 17-55] 'set_property' expects at least one object. [D:/Codes/Digital-circuit-course/lab10_1_1/lab10_1_1.srcs/constrs_1/imports/Desktop/Nexys4DDR_Master.xdc:63]
Resolution: If [get_<value>] was used to populate the object, check to make sure this command returns at least one valid object.
WARNING: [Vivado 12-584] No ports matched 'seg[3]'. [D:/Codes/Digital-circuit-course/lab10_1_1/lab10_1_1.srcs/constrs_1/imports/Desktop/Nexys4DDR_Master.xdc:64]
CRITICAL WARNING: [Common 17-55] 'set_property' expects at least one object. [D:/Codes/Digital-circuit-course/lab10_1_1/lab10_1_1.srcs/constrs_1/imports/Desktop/Nexys4DDR_Master.xdc:64]
Resolution: If [get_<value>] was used to populate the object, check to make sure this command returns at least one valid object.
WARNING: [Vivado 12-584] No ports matched 'seg[4]'. [D:/Codes/Digital-circuit-course/lab10_1_1/lab10_1_1.srcs/constrs_1/imports/Desktop/Nexys4DDR_Master.xdc:65]
CRITICAL WARNING: [Common 17-55] 'set_property' expects at least one object. [D:/Codes/Digital-circuit-course/lab10_1_1/lab10_1_1.srcs/constrs_1/imports/Desktop/Nexys4DDR_Master.xdc:65]
Resolution: If [get_<value>] was used to populate the object, check to make sure this command returns at least one valid object.
WARNING: [Vivado 12-584] No ports matched 'seg[5]'. [D:/Codes/Digital-circuit-course/lab10_1_1/lab10_1_1.srcs/constrs_1/imports/Desktop/Nexys4DDR_Master.xdc:66]
CRITICAL WARNING: [Common 17-55] 'set_property' expects at least one object. [D:/Codes/Digital-circuit-course/lab10_1_1/lab10_1_1.srcs/constrs_1/imports/Desktop/Nexys4DDR_Master.xdc:66]
Resolution: If [get_<value>] was used to populate the object, check to make sure this command returns at least one valid object.
WARNING: [Vivado 12-584] No ports matched 'seg[6]'. [D:/Codes/Digital-circuit-course/lab10_1_1/lab10_1_1.srcs/constrs_1/imports/Desktop/Nexys4DDR_Master.xdc:67]
CRITICAL WARNING: [Common 17-55] 'set_property' expects at least one object. [D:/Codes/Digital-circuit-course/lab10_1_1/lab10_1_1.srcs/constrs_1/imports/Desktop/Nexys4DDR_Master.xdc:67]
Resolution: If [get_<value>] was used to populate the object, check to make sure this command returns at least one valid object.
WARNING: [Vivado 12-584] No ports matched 'AN[0]'. [D:/Codes/Digital-circuit-course/lab10_1_1/lab10_1_1.srcs/constrs_1/imports/Desktop/Nexys4DDR_Master.xdc:71]
CRITICAL WARNING: [Common 17-55] 'set_property' expects at least one object. [D:/Codes/Digital-circuit-course/lab10_1_1/lab10_1_1.srcs/constrs_1/imports/Desktop/Nexys4DDR_Master.xdc:71]
Resolution: If [get_<value>] was used to populate the object, check to make sure this command returns at least one valid object.
WARNING: [Vivado 12-584] No ports matched 'AN[1]'. [D:/Codes/Digital-circuit-course/lab10_1_1/lab10_1_1.srcs/constrs_1/imports/Desktop/Nexys4DDR_Master.xdc:72]
CRITICAL WARNING: [Common 17-55] 'set_property' expects at least one object. [D:/Codes/Digital-circuit-course/lab10_1_1/lab10_1_1.srcs/constrs_1/imports/Desktop/Nexys4DDR_Master.xdc:72]
Resolution: If [get_<value>] was used to populate the object, check to make sure this command returns at least one valid object.
WARNING: [Vivado 12-584] No ports matched 'AN[2]'. [D:/Codes/Digital-circuit-course/lab10_1_1/lab10_1_1.srcs/constrs_1/imports/Desktop/Nexys4DDR_Master.xdc:73]
CRITICAL WARNING: [Common 17-55] 'set_property' expects at least one object. [D:/Codes/Digital-circuit-course/lab10_1_1/lab10_1_1.srcs/constrs_1/imports/Desktop/Nexys4DDR_Master.xdc:73]
Resolution: If [get_<value>] was used to populate the object, check to make sure this command returns at least one valid object.
WARNING: [Vivado 12-584] No ports matched 'AN[3]'. [D:/Codes/Digital-circuit-course/lab10_1_1/lab10_1_1.srcs/constrs_1/imports/Desktop/Nexys4DDR_Master.xdc:74]
CRITICAL WARNING: [Common 17-55] 'set_property' expects at least one object. [D:/Codes/Digital-circuit-course/lab10_1_1/lab10_1_1.srcs/constrs_1/imports/Desktop/Nexys4DDR_Master.xdc:74]
Resolution: If [get_<value>] was used to populate the object, check to make sure this command returns at least one valid object.
WARNING: [Vivado 12-584] No ports matched 'AN[4]'. [D:/Codes/Digital-circuit-course/lab10_1_1/lab10_1_1.srcs/constrs_1/imports/Desktop/Nexys4DDR_Master.xdc:75]
CRITICAL WARNING: [Common 17-55] 'set_property' expects at least one object. [D:/Codes/Digital-circuit-course/lab10_1_1/lab10_1_1.srcs/constrs_1/imports/Desktop/Nexys4DDR_Master.xdc:75]
Resolution: If [get_<value>] was used to populate the object, check to make sure this command returns at least one valid object.
WARNING: [Vivado 12-584] No ports matched 'AN[5]'. [D:/Codes/Digital-circuit-course/lab10_1_1/lab10_1_1.srcs/constrs_1/imports/Desktop/Nexys4DDR_Master.xdc:76]
CRITICAL WARNING: [Common 17-55] 'set_property' expects at least one object. [D:/Codes/Digital-circuit-course/lab10_1_1/lab10_1_1.srcs/constrs_1/imports/Desktop/Nexys4DDR_Master.xdc:76]
Resolution: If [get_<value>] was used to populate the object, check to make sure this command returns at least one valid object.
WARNING: [Vivado 12-584] No ports matched 'AN[6]'. [D:/Codes/Digital-circuit-course/lab10_1_1/lab10_1_1.srcs/constrs_1/imports/Desktop/Nexys4DDR_Master.xdc:77]
CRITICAL WARNING: [Common 17-55] 'set_property' expects at least one object. [D:/Codes/Digital-circuit-course/lab10_1_1/lab10_1_1.srcs/constrs_1/imports/Desktop/Nexys4DDR_Master.xdc:77]
Resolution: If [get_<value>] was used to populate the object, check to make sure this command returns at least one valid object.
WARNING: [Vivado 12-584] No ports matched 'AN[7]'. [D:/Codes/Digital-circuit-course/lab10_1_1/lab10_1_1.srcs/constrs_1/imports/Desktop/Nexys4DDR_Master.xdc:78]
CRITICAL WARNING: [Common 17-55] 'set_property' expects at least one object. [D:/Codes/Digital-circuit-course/lab10_1_1/lab10_1_1.srcs/constrs_1/imports/Desktop/Nexys4DDR_Master.xdc:78]
Resolution: If [get_<value>] was used to populate the object, check to make sure this command returns at least one valid object.
WARNING: [Vivado 12-584] No ports matched 'BTNC'. [D:/Codes/Digital-circuit-course/lab10_1_1/lab10_1_1.srcs/constrs_1/imports/Desktop/Nexys4DDR_Master.xdc:85]
CRITICAL WARNING: [Common 17-55] 'set_property' expects at least one object. [D:/Codes/Digital-circuit-course/lab10_1_1/lab10_1_1.srcs/constrs_1/imports/Desktop/Nexys4DDR_Master.xdc:85]
Resolution: If [get_<value>] was used to populate the object, check to make sure this command returns at least one valid object.
WARNING: [Vivado 12-584] No ports matched 'BTNL'. [D:/Codes/Digital-circuit-course/lab10_1_1/lab10_1_1.srcs/constrs_1/imports/Desktop/Nexys4DDR_Master.xdc:87]
CRITICAL WARNING: [Common 17-55] 'set_property' expects at least one object. [D:/Codes/Digital-circuit-course/lab10_1_1/lab10_1_1.srcs/constrs_1/imports/Desktop/Nexys4DDR_Master.xdc:87]
Resolution: If [get_<value>] was used to populate the object, check to make sure this command returns at least one valid object.
WARNING: [Vivado 12-584] No ports matched 'BTNR'. [D:/Codes/Digital-circuit-course/lab10_1_1/lab10_1_1.srcs/constrs_1/imports/Desktop/Nexys4DDR_Master.xdc:88]
CRITICAL WARNING: [Common 17-55] 'set_property' expects at least one object. [D:/Codes/Digital-circuit-course/lab10_1_1/lab10_1_1.srcs/constrs_1/imports/Desktop/Nexys4DDR_Master.xdc:88]
Resolution: If [get_<value>] was used to populate the object, check to make sure this command returns at least one valid object.
WARNING: [Vivado 12-584] No ports matched 'BTND'. [D:/Codes/Digital-circuit-course/lab10_1_1/lab10_1_1.srcs/constrs_1/imports/Desktop/Nexys4DDR_Master.xdc:89]
CRITICAL WARNING: [Common 17-55] 'set_property' expects at least one object. [D:/Codes/Digital-circuit-course/lab10_1_1/lab10_1_1.srcs/constrs_1/imports/Desktop/Nexys4DDR_Master.xdc:89]
Resolution: If [get_<value>] was used to populate the object, check to make sure this command returns at least one valid object.
Finished Parsing XDC File [D:/Codes/Digital-circuit-course/lab10_1_1/lab10_1_1.srcs/constrs_1/imports/Desktop/Nexys4DDR_Master.xdc]
Completed Processing XDC Constraints

INFO: [Opt 31-138] Pushed 0 inverter(s) to 0 load pin(s).
INFO: [Project 1-111] Unisim Transformation Summary:
No Unisim elements were transformed.

RTL Elaboration Complete:  : Time (s): cpu = 00:00:21 ; elapsed = 00:00:14 . Memory (MB): peak = 1298.113 ; gain = 473.934
7 Infos, 45 Warnings, 45 Critical Warnings and 0 Errors encountered.
synth_design completed successfully
synth_design: Time (s): cpu = 00:00:21 ; elapsed = 00:00:15 . Memory (MB): peak = 1298.113 ; gain = 473.934
reset_run synth_1
launch_runs impl_1 -to_step write_bitstream -jobs 4
[Fri Nov 30 19:40:31 2018] Launched synth_1...
Run output will be captured here: D:/Codes/Digital-circuit-course/lab10_1_1/lab10_1_1.runs/synth_1/runme.log
[Fri Nov 30 19:40:31 2018] Launched impl_1...
Run output will be captured here: D:/Codes/Digital-circuit-course/lab10_1_1/lab10_1_1.runs/impl_1/runme.log
update_ip_catalog
refresh_design
INFO: [Project 1-570] Preparing netlist for logic optimization

Processing XDC Constraints
Initializing timing engine
Parsing XDC File [D:/Codes/Digital-circuit-course/lab10_1_1/lab10_1_1.srcs/constrs_1/imports/Desktop/Nexys4DDR_Master.xdc]
WARNING: [Vivado 12-584] No ports matched 'ain[0]'. [D:/Codes/Digital-circuit-course/lab10_1_1/lab10_1_1.srcs/constrs_1/imports/Desktop/Nexys4DDR_Master.xdc:12]
CRITICAL WARNING: [Common 17-55] 'set_property' expects at least one object. [D:/Codes/Digital-circuit-course/lab10_1_1/lab10_1_1.srcs/constrs_1/imports/Desktop/Nexys4DDR_Master.xdc:12]
Resolution: If [get_<value>] was used to populate the object, check to make sure this command returns at least one valid object.
WARNING: [Vivado 12-584] No ports matched 'ain[1]'. [D:/Codes/Digital-circuit-course/lab10_1_1/lab10_1_1.srcs/constrs_1/imports/Desktop/Nexys4DDR_Master.xdc:13]
CRITICAL WARNING: [Common 17-55] 'set_property' expects at least one object. [D:/Codes/Digital-circuit-course/lab10_1_1/lab10_1_1.srcs/constrs_1/imports/Desktop/Nexys4DDR_Master.xdc:13]
Resolution: If [get_<value>] was used to populate the object, check to make sure this command returns at least one valid object.
WARNING: [Vivado 12-584] No ports matched 'swt[2]'. [D:/Codes/Digital-circuit-course/lab10_1_1/lab10_1_1.srcs/constrs_1/imports/Desktop/Nexys4DDR_Master.xdc:14]
CRITICAL WARNING: [Common 17-55] 'set_property' expects at least one object. [D:/Codes/Digital-circuit-course/lab10_1_1/lab10_1_1.srcs/constrs_1/imports/Desktop/Nexys4DDR_Master.xdc:14]
Resolution: If [get_<value>] was used to populate the object, check to make sure this command returns at least one valid object.
WARNING: [Vivado 12-584] No ports matched 'swt[3]'. [D:/Codes/Digital-circuit-course/lab10_1_1/lab10_1_1.srcs/constrs_1/imports/Desktop/Nexys4DDR_Master.xdc:15]
CRITICAL WARNING: [Common 17-55] 'set_property' expects at least one object. [D:/Codes/Digital-circuit-course/lab10_1_1/lab10_1_1.srcs/constrs_1/imports/Desktop/Nexys4DDR_Master.xdc:15]
Resolution: If [get_<value>] was used to populate the object, check to make sure this command returns at least one valid object.
WARNING: [Vivado 12-584] No ports matched 'swt[4]'. [D:/Codes/Digital-circuit-course/lab10_1_1/lab10_1_1.srcs/constrs_1/imports/Desktop/Nexys4DDR_Master.xdc:16]
CRITICAL WARNING: [Common 17-55] 'set_property' expects at least one object. [D:/Codes/Digital-circuit-course/lab10_1_1/lab10_1_1.srcs/constrs_1/imports/Desktop/Nexys4DDR_Master.xdc:16]
Resolution: If [get_<value>] was used to populate the object, check to make sure this command returns at least one valid object.
WARNING: [Vivado 12-584] No ports matched 'swt[5]'. [D:/Codes/Digital-circuit-course/lab10_1_1/lab10_1_1.srcs/constrs_1/imports/Desktop/Nexys4DDR_Master.xdc:17]
CRITICAL WARNING: [Common 17-55] 'set_property' expects at least one object. [D:/Codes/Digital-circuit-course/lab10_1_1/lab10_1_1.srcs/constrs_1/imports/Desktop/Nexys4DDR_Master.xdc:17]
Resolution: If [get_<value>] was used to populate the object, check to make sure this command returns at least one valid object.
WARNING: [Vivado 12-584] No ports matched 'swt[6]'. [D:/Codes/Digital-circuit-course/lab10_1_1/lab10_1_1.srcs/constrs_1/imports/Desktop/Nexys4DDR_Master.xdc:18]
CRITICAL WARNING: [Common 17-55] 'set_property' expects at least one object. [D:/Codes/Digital-circuit-course/lab10_1_1/lab10_1_1.srcs/constrs_1/imports/Desktop/Nexys4DDR_Master.xdc:18]
Resolution: If [get_<value>] was used to populate the object, check to make sure this command returns at least one valid object.
WARNING: [Vivado 12-584] No ports matched 'swt[7]'. [D:/Codes/Digital-circuit-course/lab10_1_1/lab10_1_1.srcs/constrs_1/imports/Desktop/Nexys4DDR_Master.xdc:19]
CRITICAL WARNING: [Common 17-55] 'set_property' expects at least one object. [D:/Codes/Digital-circuit-course/lab10_1_1/lab10_1_1.srcs/constrs_1/imports/Desktop/Nexys4DDR_Master.xdc:19]
Resolution: If [get_<value>] was used to populate the object, check to make sure this command returns at least one valid object.
WARNING: [Vivado 12-584] No ports matched 'swt[8]'. [D:/Codes/Digital-circuit-course/lab10_1_1/lab10_1_1.srcs/constrs_1/imports/Desktop/Nexys4DDR_Master.xdc:20]
CRITICAL WARNING: [Common 17-55] 'set_property' expects at least one object. [D:/Codes/Digital-circuit-course/lab10_1_1/lab10_1_1.srcs/constrs_1/imports/Desktop/Nexys4DDR_Master.xdc:20]
Resolution: If [get_<value>] was used to populate the object, check to make sure this command returns at least one valid object.
WARNING: [Vivado 12-584] No ports matched 'swt[9]'. [D:/Codes/Digital-circuit-course/lab10_1_1/lab10_1_1.srcs/constrs_1/imports/Desktop/Nexys4DDR_Master.xdc:21]
CRITICAL WARNING: [Common 17-55] 'set_property' expects at least one object. [D:/Codes/Digital-circuit-course/lab10_1_1/lab10_1_1.srcs/constrs_1/imports/Desktop/Nexys4DDR_Master.xdc:21]
Resolution: If [get_<value>] was used to populate the object, check to make sure this command returns at least one valid object.
WARNING: [Vivado 12-584] No ports matched 'swt[10]'. [D:/Codes/Digital-circuit-course/lab10_1_1/lab10_1_1.srcs/constrs_1/imports/Desktop/Nexys4DDR_Master.xdc:22]
CRITICAL WARNING: [Common 17-55] 'set_property' expects at least one object. [D:/Codes/Digital-circuit-course/lab10_1_1/lab10_1_1.srcs/constrs_1/imports/Desktop/Nexys4DDR_Master.xdc:22]
Resolution: If [get_<value>] was used to populate the object, check to make sure this command returns at least one valid object.
WARNING: [Vivado 12-584] No ports matched 'swt[11]'. [D:/Codes/Digital-circuit-course/lab10_1_1/lab10_1_1.srcs/constrs_1/imports/Desktop/Nexys4DDR_Master.xdc:23]
CRITICAL WARNING: [Common 17-55] 'set_property' expects at least one object. [D:/Codes/Digital-circuit-course/lab10_1_1/lab10_1_1.srcs/constrs_1/imports/Desktop/Nexys4DDR_Master.xdc:23]
Resolution: If [get_<value>] was used to populate the object, check to make sure this command returns at least one valid object.
WARNING: [Vivado 12-584] No ports matched 'swt[12]'. [D:/Codes/Digital-circuit-course/lab10_1_1/lab10_1_1.srcs/constrs_1/imports/Desktop/Nexys4DDR_Master.xdc:24]
CRITICAL WARNING: [Common 17-55] 'set_property' expects at least one object. [D:/Codes/Digital-circuit-course/lab10_1_1/lab10_1_1.srcs/constrs_1/imports/Desktop/Nexys4DDR_Master.xdc:24]
Resolution: If [get_<value>] was used to populate the object, check to make sure this command returns at least one valid object.
WARNING: [Vivado 12-584] No ports matched 'swt[13]'. [D:/Codes/Digital-circuit-course/lab10_1_1/lab10_1_1.srcs/constrs_1/imports/Desktop/Nexys4DDR_Master.xdc:25]
CRITICAL WARNING: [Common 17-55] 'set_property' expects at least one object. [D:/Codes/Digital-circuit-course/lab10_1_1/lab10_1_1.srcs/constrs_1/imports/Desktop/Nexys4DDR_Master.xdc:25]
Resolution: If [get_<value>] was used to populate the object, check to make sure this command returns at least one valid object.
WARNING: [Vivado 12-584] No ports matched 'swt[14]'. [D:/Codes/Digital-circuit-course/lab10_1_1/lab10_1_1.srcs/constrs_1/imports/Desktop/Nexys4DDR_Master.xdc:26]
CRITICAL WARNING: [Common 17-55] 'set_property' expects at least one object. [D:/Codes/Digital-circuit-course/lab10_1_1/lab10_1_1.srcs/constrs_1/imports/Desktop/Nexys4DDR_Master.xdc:26]
Resolution: If [get_<value>] was used to populate the object, check to make sure this command returns at least one valid object.
WARNING: [Vivado 12-584] No ports matched 'led[1]'. [D:/Codes/Digital-circuit-course/lab10_1_1/lab10_1_1.srcs/constrs_1/imports/Desktop/Nexys4DDR_Master.xdc:33]
CRITICAL WARNING: [Common 17-55] 'set_property' expects at least one object. [D:/Codes/Digital-circuit-course/lab10_1_1/lab10_1_1.srcs/constrs_1/imports/Desktop/Nexys4DDR_Master.xdc:33]
Resolution: If [get_<value>] was used to populate the object, check to make sure this command returns at least one valid object.
WARNING: [Vivado 12-584] No ports matched 'led[2]'. [D:/Codes/Digital-circuit-course/lab10_1_1/lab10_1_1.srcs/constrs_1/imports/Desktop/Nexys4DDR_Master.xdc:34]
CRITICAL WARNING: [Common 17-55] 'set_property' expects at least one object. [D:/Codes/Digital-circuit-course/lab10_1_1/lab10_1_1.srcs/constrs_1/imports/Desktop/Nexys4DDR_Master.xdc:34]
Resolution: If [get_<value>] was used to populate the object, check to make sure this command returns at least one valid object.
WARNING: [Vivado 12-584] No ports matched 'led[3]'. [D:/Codes/Digital-circuit-course/lab10_1_1/lab10_1_1.srcs/constrs_1/imports/Desktop/Nexys4DDR_Master.xdc:35]
CRITICAL WARNING: [Common 17-55] 'set_property' expects at least one object. [D:/Codes/Digital-circuit-course/lab10_1_1/lab10_1_1.srcs/constrs_1/imports/Desktop/Nexys4DDR_Master.xdc:35]
Resolution: If [get_<value>] was used to populate the object, check to make sure this command returns at least one valid object.
WARNING: [Vivado 12-584] No ports matched 'led[8]'. [D:/Codes/Digital-circuit-course/lab10_1_1/lab10_1_1.srcs/constrs_1/imports/Desktop/Nexys4DDR_Master.xdc:40]
CRITICAL WARNING: [Common 17-55] 'set_property' expects at least one object. [D:/Codes/Digital-circuit-course/lab10_1_1/lab10_1_1.srcs/constrs_1/imports/Desktop/Nexys4DDR_Master.xdc:40]
Resolution: If [get_<value>] was used to populate the object, check to make sure this command returns at least one valid object.
WARNING: [Vivado 12-584] No ports matched 'led[9]'. [D:/Codes/Digital-circuit-course/lab10_1_1/lab10_1_1.srcs/constrs_1/imports/Desktop/Nexys4DDR_Master.xdc:41]
CRITICAL WARNING: [Common 17-55] 'set_property' expects at least one object. [D:/Codes/Digital-circuit-course/lab10_1_1/lab10_1_1.srcs/constrs_1/imports/Desktop/Nexys4DDR_Master.xdc:41]
Resolution: If [get_<value>] was used to populate the object, check to make sure this command returns at least one valid object.
WARNING: [Vivado 12-584] No ports matched 'led[10]'. [D:/Codes/Digital-circuit-course/lab10_1_1/lab10_1_1.srcs/constrs_1/imports/Desktop/Nexys4DDR_Master.xdc:42]
CRITICAL WARNING: [Common 17-55] 'set_property' expects at least one object. [D:/Codes/Digital-circuit-course/lab10_1_1/lab10_1_1.srcs/constrs_1/imports/Desktop/Nexys4DDR_Master.xdc:42]
Resolution: If [get_<value>] was used to populate the object, check to make sure this command returns at least one valid object.
WARNING: [Vivado 12-584] No ports matched 'led[11]'. [D:/Codes/Digital-circuit-course/lab10_1_1/lab10_1_1.srcs/constrs_1/imports/Desktop/Nexys4DDR_Master.xdc:43]
CRITICAL WARNING: [Common 17-55] 'set_property' expects at least one object. [D:/Codes/Digital-circuit-course/lab10_1_1/lab10_1_1.srcs/constrs_1/imports/Desktop/Nexys4DDR_Master.xdc:43]
Resolution: If [get_<value>] was used to populate the object, check to make sure this command returns at least one valid object.
WARNING: [Vivado 12-584] No ports matched 'led[12]'. [D:/Codes/Digital-circuit-course/lab10_1_1/lab10_1_1.srcs/constrs_1/imports/Desktop/Nexys4DDR_Master.xdc:44]
CRITICAL WARNING: [Common 17-55] 'set_property' expects at least one object. [D:/Codes/Digital-circuit-course/lab10_1_1/lab10_1_1.srcs/constrs_1/imports/Desktop/Nexys4DDR_Master.xdc:44]
Resolution: If [get_<value>] was used to populate the object, check to make sure this command returns at least one valid object.
WARNING: [Vivado 12-584] No ports matched 'led[13]'. [D:/Codes/Digital-circuit-course/lab10_1_1/lab10_1_1.srcs/constrs_1/imports/Desktop/Nexys4DDR_Master.xdc:45]
CRITICAL WARNING: [Common 17-55] 'set_property' expects at least one object. [D:/Codes/Digital-circuit-course/lab10_1_1/lab10_1_1.srcs/constrs_1/imports/Desktop/Nexys4DDR_Master.xdc:45]
Resolution: If [get_<value>] was used to populate the object, check to make sure this command returns at least one valid object.
WARNING: [Vivado 12-584] No ports matched 'led[14]'. [D:/Codes/Digital-circuit-course/lab10_1_1/lab10_1_1.srcs/constrs_1/imports/Desktop/Nexys4DDR_Master.xdc:46]
CRITICAL WARNING: [Common 17-55] 'set_property' expects at least one object. [D:/Codes/Digital-circuit-course/lab10_1_1/lab10_1_1.srcs/constrs_1/imports/Desktop/Nexys4DDR_Master.xdc:46]
Resolution: If [get_<value>] was used to populate the object, check to make sure this command returns at least one valid object.
WARNING: [Vivado 12-584] No ports matched 'led[15]'. [D:/Codes/Digital-circuit-course/lab10_1_1/lab10_1_1.srcs/constrs_1/imports/Desktop/Nexys4DDR_Master.xdc:47]
CRITICAL WARNING: [Common 17-55] 'set_property' expects at least one object. [D:/Codes/Digital-circuit-course/lab10_1_1/lab10_1_1.srcs/constrs_1/imports/Desktop/Nexys4DDR_Master.xdc:47]
Resolution: If [get_<value>] was used to populate the object, check to make sure this command returns at least one valid object.
WARNING: [Vivado 12-584] No ports matched 'seg[0]'. [D:/Codes/Digital-circuit-course/lab10_1_1/lab10_1_1.srcs/constrs_1/imports/Desktop/Nexys4DDR_Master.xdc:59]
CRITICAL WARNING: [Common 17-55] 'set_property' expects at least one object. [D:/Codes/Digital-circuit-course/lab10_1_1/lab10_1_1.srcs/constrs_1/imports/Desktop/Nexys4DDR_Master.xdc:59]
Resolution: If [get_<value>] was used to populate the object, check to make sure this command returns at least one valid object.
WARNING: [Vivado 12-584] No ports matched 'seg[1]'. [D:/Codes/Digital-circuit-course/lab10_1_1/lab10_1_1.srcs/constrs_1/imports/Desktop/Nexys4DDR_Master.xdc:60]
CRITICAL WARNING: [Common 17-55] 'set_property' expects at least one object. [D:/Codes/Digital-circuit-course/lab10_1_1/lab10_1_1.srcs/constrs_1/imports/Desktop/Nexys4DDR_Master.xdc:60]
Resolution: If [get_<value>] was used to populate the object, check to make sure this command returns at least one valid object.
WARNING: [Vivado 12-584] No ports matched 'seg[2]'. [D:/Codes/Digital-circuit-course/lab10_1_1/lab10_1_1.srcs/constrs_1/imports/Desktop/Nexys4DDR_Master.xdc:61]
CRITICAL WARNING: [Common 17-55] 'set_property' expects at least one object. [D:/Codes/Digital-circuit-course/lab10_1_1/lab10_1_1.srcs/constrs_1/imports/Desktop/Nexys4DDR_Master.xdc:61]
Resolution: If [get_<value>] was used to populate the object, check to make sure this command returns at least one valid object.
WARNING: [Vivado 12-584] No ports matched 'seg[3]'. [D:/Codes/Digital-circuit-course/lab10_1_1/lab10_1_1.srcs/constrs_1/imports/Desktop/Nexys4DDR_Master.xdc:62]
CRITICAL WARNING: [Common 17-55] 'set_property' expects at least one object. [D:/Codes/Digital-circuit-course/lab10_1_1/lab10_1_1.srcs/constrs_1/imports/Desktop/Nexys4DDR_Master.xdc:62]
Resolution: If [get_<value>] was used to populate the object, check to make sure this command returns at least one valid object.
WARNING: [Vivado 12-584] No ports matched 'seg[4]'. [D:/Codes/Digital-circuit-course/lab10_1_1/lab10_1_1.srcs/constrs_1/imports/Desktop/Nexys4DDR_Master.xdc:63]
CRITICAL WARNING: [Common 17-55] 'set_property' expects at least one object. [D:/Codes/Digital-circuit-course/lab10_1_1/lab10_1_1.srcs/constrs_1/imports/Desktop/Nexys4DDR_Master.xdc:63]
Resolution: If [get_<value>] was used to populate the object, check to make sure this command returns at least one valid object.
WARNING: [Vivado 12-584] No ports matched 'seg[5]'. [D:/Codes/Digital-circuit-course/lab10_1_1/lab10_1_1.srcs/constrs_1/imports/Desktop/Nexys4DDR_Master.xdc:64]
CRITICAL WARNING: [Common 17-55] 'set_property' expects at least one object. [D:/Codes/Digital-circuit-course/lab10_1_1/lab10_1_1.srcs/constrs_1/imports/Desktop/Nexys4DDR_Master.xdc:64]
Resolution: If [get_<value>] was used to populate the object, check to make sure this command returns at least one valid object.
WARNING: [Vivado 12-584] No ports matched 'seg[6]'. [D:/Codes/Digital-circuit-course/lab10_1_1/lab10_1_1.srcs/constrs_1/imports/Desktop/Nexys4DDR_Master.xdc:65]
CRITICAL WARNING: [Common 17-55] 'set_property' expects at least one object. [D:/Codes/Digital-circuit-course/lab10_1_1/lab10_1_1.srcs/constrs_1/imports/Desktop/Nexys4DDR_Master.xdc:65]
Resolution: If [get_<value>] was used to populate the object, check to make sure this command returns at least one valid object.
WARNING: [Vivado 12-584] No ports matched 'AN[0]'. [D:/Codes/Digital-circuit-course/lab10_1_1/lab10_1_1.srcs/constrs_1/imports/Desktop/Nexys4DDR_Master.xdc:69]
CRITICAL WARNING: [Common 17-55] 'set_property' expects at least one object. [D:/Codes/Digital-circuit-course/lab10_1_1/lab10_1_1.srcs/constrs_1/imports/Desktop/Nexys4DDR_Master.xdc:69]
Resolution: If [get_<value>] was used to populate the object, check to make sure this command returns at least one valid object.
WARNING: [Vivado 12-584] No ports matched 'AN[1]'. [D:/Codes/Digital-circuit-course/lab10_1_1/lab10_1_1.srcs/constrs_1/imports/Desktop/Nexys4DDR_Master.xdc:70]
CRITICAL WARNING: [Common 17-55] 'set_property' expects at least one object. [D:/Codes/Digital-circuit-course/lab10_1_1/lab10_1_1.srcs/constrs_1/imports/Desktop/Nexys4DDR_Master.xdc:70]
Resolution: If [get_<value>] was used to populate the object, check to make sure this command returns at least one valid object.
WARNING: [Vivado 12-584] No ports matched 'AN[2]'. [D:/Codes/Digital-circuit-course/lab10_1_1/lab10_1_1.srcs/constrs_1/imports/Desktop/Nexys4DDR_Master.xdc:71]
CRITICAL WARNING: [Common 17-55] 'set_property' expects at least one object. [D:/Codes/Digital-circuit-course/lab10_1_1/lab10_1_1.srcs/constrs_1/imports/Desktop/Nexys4DDR_Master.xdc:71]
Resolution: If [get_<value>] was used to populate the object, check to make sure this command returns at least one valid object.
WARNING: [Vivado 12-584] No ports matched 'AN[3]'. [D:/Codes/Digital-circuit-course/lab10_1_1/lab10_1_1.srcs/constrs_1/imports/Desktop/Nexys4DDR_Master.xdc:72]
CRITICAL WARNING: [Common 17-55] 'set_property' expects at least one object. [D:/Codes/Digital-circuit-course/lab10_1_1/lab10_1_1.srcs/constrs_1/imports/Desktop/Nexys4DDR_Master.xdc:72]
Resolution: If [get_<value>] was used to populate the object, check to make sure this command returns at least one valid object.
WARNING: [Vivado 12-584] No ports matched 'AN[4]'. [D:/Codes/Digital-circuit-course/lab10_1_1/lab10_1_1.srcs/constrs_1/imports/Desktop/Nexys4DDR_Master.xdc:73]
CRITICAL WARNING: [Common 17-55] 'set_property' expects at least one object. [D:/Codes/Digital-circuit-course/lab10_1_1/lab10_1_1.srcs/constrs_1/imports/Desktop/Nexys4DDR_Master.xdc:73]
Resolution: If [get_<value>] was used to populate the object, check to make sure this command returns at least one valid object.
WARNING: [Vivado 12-584] No ports matched 'AN[5]'. [D:/Codes/Digital-circuit-course/lab10_1_1/lab10_1_1.srcs/constrs_1/imports/Desktop/Nexys4DDR_Master.xdc:74]
CRITICAL WARNING: [Common 17-55] 'set_property' expects at least one object. [D:/Codes/Digital-circuit-course/lab10_1_1/lab10_1_1.srcs/constrs_1/imports/Desktop/Nexys4DDR_Master.xdc:74]
Resolution: If [get_<value>] was used to populate the object, check to make sure this command returns at least one valid object.
WARNING: [Vivado 12-584] No ports matched 'AN[6]'. [D:/Codes/Digital-circuit-course/lab10_1_1/lab10_1_1.srcs/constrs_1/imports/Desktop/Nexys4DDR_Master.xdc:75]
CRITICAL WARNING: [Common 17-55] 'set_property' expects at least one object. [D:/Codes/Digital-circuit-course/lab10_1_1/lab10_1_1.srcs/constrs_1/imports/Desktop/Nexys4DDR_Master.xdc:75]
Resolution: If [get_<value>] was used to populate the object, check to make sure this command returns at least one valid object.
WARNING: [Vivado 12-584] No ports matched 'AN[7]'. [D:/Codes/Digital-circuit-course/lab10_1_1/lab10_1_1.srcs/constrs_1/imports/Desktop/Nexys4DDR_Master.xdc:76]
CRITICAL WARNING: [Common 17-55] 'set_property' expects at least one object. [D:/Codes/Digital-circuit-course/lab10_1_1/lab10_1_1.srcs/constrs_1/imports/Desktop/Nexys4DDR_Master.xdc:76]
Resolution: If [get_<value>] was used to populate the object, check to make sure this command returns at least one valid object.
WARNING: [Vivado 12-584] No ports matched 'BTNC'. [D:/Codes/Digital-circuit-course/lab10_1_1/lab10_1_1.srcs/constrs_1/imports/Desktop/Nexys4DDR_Master.xdc:83]
CRITICAL WARNING: [Common 17-55] 'set_property' expects at least one object. [D:/Codes/Digital-circuit-course/lab10_1_1/lab10_1_1.srcs/constrs_1/imports/Desktop/Nexys4DDR_Master.xdc:83]
Resolution: If [get_<value>] was used to populate the object, check to make sure this command returns at least one valid object.
WARNING: [Vivado 12-584] No ports matched 'BTNL'. [D:/Codes/Digital-circuit-course/lab10_1_1/lab10_1_1.srcs/constrs_1/imports/Desktop/Nexys4DDR_Master.xdc:85]
CRITICAL WARNING: [Common 17-55] 'set_property' expects at least one object. [D:/Codes/Digital-circuit-course/lab10_1_1/lab10_1_1.srcs/constrs_1/imports/Desktop/Nexys4DDR_Master.xdc:85]
Resolution: If [get_<value>] was used to populate the object, check to make sure this command returns at least one valid object.
WARNING: [Vivado 12-584] No ports matched 'BTNR'. [D:/Codes/Digital-circuit-course/lab10_1_1/lab10_1_1.srcs/constrs_1/imports/Desktop/Nexys4DDR_Master.xdc:86]
CRITICAL WARNING: [Common 17-55] 'set_property' expects at least one object. [D:/Codes/Digital-circuit-course/lab10_1_1/lab10_1_1.srcs/constrs_1/imports/Desktop/Nexys4DDR_Master.xdc:86]
Resolution: If [get_<value>] was used to populate the object, check to make sure this command returns at least one valid object.
WARNING: [Vivado 12-584] No ports matched 'BTND'. [D:/Codes/Digital-circuit-course/lab10_1_1/lab10_1_1.srcs/constrs_1/imports/Desktop/Nexys4DDR_Master.xdc:87]
CRITICAL WARNING: [Common 17-55] 'set_property' expects at least one object. [D:/Codes/Digital-circuit-course/lab10_1_1/lab10_1_1.srcs/constrs_1/imports/Desktop/Nexys4DDR_Master.xdc:87]
Resolution: If [get_<value>] was used to populate the object, check to make sure this command returns at least one valid object.
Finished Parsing XDC File [D:/Codes/Digital-circuit-course/lab10_1_1/lab10_1_1.srcs/constrs_1/imports/Desktop/Nexys4DDR_Master.xdc]
Completed Processing XDC Constraints

INFO: [Opt 31-138] Pushed 0 inverter(s) to 0 load pin(s).
exit
INFO: [Common 17-206] Exiting Vivado at Fri Nov 30 19:46:37 2018...
