
*** Running vivado
    with args -log top.vds -m64 -product Vivado -mode batch -messageDb vivado.pb -notrace -source top.tcl


****** Vivado v2018.2 (64-bit)
  **** SW Build 2258646 on Thu Jun 14 20:03:12 MDT 2018
  **** IP Build 2256618 on Thu Jun 14 22:10:49 MDT 2018
    ** Copyright 1986-2018 Xilinx, Inc. All Rights Reserved.

source top.tcl -notrace
Command: synth_design -top top -part xc7a100tcsg324-1
Starting synth_design
Attempting to get a license for feature 'Synthesis' and/or device 'xc7a100t'
INFO: [Common 17-349] Got license for feature 'Synthesis' and/or device 'xc7a100t'
INFO: Launching helper process for spawning children vivado processes
INFO: Helper process launched with PID 7068 
---------------------------------------------------------------------------------
Starting RTL Elaboration : Time (s): cpu = 00:00:02 ; elapsed = 00:00:02 . Memory (MB): peak = 333.305 ; gain = 99.922
---------------------------------------------------------------------------------
INFO: [Synth 8-6157] synthesizing module 'top' [D:/Codes/Digital-circuit-course/lab10_1_1/lab10_1_1.srcs/sources_1/new/top.v:3]
	Parameter S0 bound to: 2'b00 
	Parameter S1 bound to: 2'b01 
	Parameter S2 bound to: 2'b10 
INFO: [Synth 8-155] case statement is not full and has no default [D:/Codes/Digital-circuit-course/lab10_1_1/lab10_1_1.srcs/sources_1/new/top.v:16]
INFO: [Synth 8-6155] done synthesizing module 'top' (1#1) [D:/Codes/Digital-circuit-course/lab10_1_1/lab10_1_1.srcs/sources_1/new/top.v:3]
---------------------------------------------------------------------------------
Finished RTL Elaboration : Time (s): cpu = 00:00:03 ; elapsed = 00:00:03 . Memory (MB): peak = 388.191 ; gain = 154.809
---------------------------------------------------------------------------------

Report Check Netlist: 
+------+------------------+-------+---------+-------+------------------+
|      |Item              |Errors |Warnings |Status |Description       |
+------+------------------+-------+---------+-------+------------------+
|1     |multi_driven_nets |      0|        0|Passed |Multi driven nets |
+------+------------------+-------+---------+-------+------------------+
---------------------------------------------------------------------------------
Start Handling Custom Attributes
---------------------------------------------------------------------------------
---------------------------------------------------------------------------------
Finished Handling Custom Attributes : Time (s): cpu = 00:00:03 ; elapsed = 00:00:03 . Memory (MB): peak = 388.191 ; gain = 154.809
---------------------------------------------------------------------------------
---------------------------------------------------------------------------------
Finished RTL Optimization Phase 1 : Time (s): cpu = 00:00:03 ; elapsed = 00:00:03 . Memory (MB): peak = 388.191 ; gain = 154.809
---------------------------------------------------------------------------------
INFO: [Device 21-403] Loading part xc7a100tcsg324-1
INFO: [Project 1-570] Preparing netlist for logic optimization

Processing XDC Constraints
Initializing timing engine
Parsing XDC File [D:/Codes/Digital-circuit-course/lab10_1_1/lab10_1_1.srcs/constrs_1/imports/Desktop/Nexys4DDR_Master.xdc]
WARNING: [Vivado 12-584] No ports matched 'ain[0]'. [D:/Codes/Digital-circuit-course/lab10_1_1/lab10_1_1.srcs/constrs_1/imports/Desktop/Nexys4DDR_Master.xdc:14]
CRITICAL WARNING: [Common 17-55] 'set_property' expects at least one object. [D:/Codes/Digital-circuit-course/lab10_1_1/lab10_1_1.srcs/constrs_1/imports/Desktop/Nexys4DDR_Master.xdc:14]
Resolution: If [get_<value>] was used to populate the object, check to make sure this command returns at least one valid object.
WARNING: [Vivado 12-584] No ports matched 'ain[1]'. [D:/Codes/Digital-circuit-course/lab10_1_1/lab10_1_1.srcs/constrs_1/imports/Desktop/Nexys4DDR_Master.xdc:15]
CRITICAL WARNING: [Common 17-55] 'set_property' expects at least one object. [D:/Codes/Digital-circuit-course/lab10_1_1/lab10_1_1.srcs/constrs_1/imports/Desktop/Nexys4DDR_Master.xdc:15]
Resolution: If [get_<value>] was used to populate the object, check to make sure this command returns at least one valid object.
WARNING: [Vivado 12-584] No ports matched 'swt[2]'. [D:/Codes/Digital-circuit-course/lab10_1_1/lab10_1_1.srcs/constrs_1/imports/Desktop/Nexys4DDR_Master.xdc:16]
CRITICAL WARNING: [Common 17-55] 'set_property' expects at least one object. [D:/Codes/Digital-circuit-course/lab10_1_1/lab10_1_1.srcs/constrs_1/imports/Desktop/Nexys4DDR_Master.xdc:16]
Resolution: If [get_<value>] was used to populate the object, check to make sure this command returns at least one valid object.
WARNING: [Vivado 12-584] No ports matched 'swt[3]'. [D:/Codes/Digital-circuit-course/lab10_1_1/lab10_1_1.srcs/constrs_1/imports/Desktop/Nexys4DDR_Master.xdc:17]
CRITICAL WARNING: [Common 17-55] 'set_property' expects at least one object. [D:/Codes/Digital-circuit-course/lab10_1_1/lab10_1_1.srcs/constrs_1/imports/Desktop/Nexys4DDR_Master.xdc:17]
Resolution: If [get_<value>] was used to populate the object, check to make sure this command returns at least one valid object.
WARNING: [Vivado 12-584] No ports matched 'swt[4]'. [D:/Codes/Digital-circuit-course/lab10_1_1/lab10_1_1.srcs/constrs_1/imports/Desktop/Nexys4DDR_Master.xdc:18]
CRITICAL WARNING: [Common 17-55] 'set_property' expects at least one object. [D:/Codes/Digital-circuit-course/lab10_1_1/lab10_1_1.srcs/constrs_1/imports/Desktop/Nexys4DDR_Master.xdc:18]
Resolution: If [get_<value>] was used to populate the object, check to make sure this command returns at least one valid object.
WARNING: [Vivado 12-584] No ports matched 'swt[5]'. [D:/Codes/Digital-circuit-course/lab10_1_1/lab10_1_1.srcs/constrs_1/imports/Desktop/Nexys4DDR_Master.xdc:19]
CRITICAL WARNING: [Common 17-55] 'set_property' expects at least one object. [D:/Codes/Digital-circuit-course/lab10_1_1/lab10_1_1.srcs/constrs_1/imports/Desktop/Nexys4DDR_Master.xdc:19]
Resolution: If [get_<value>] was used to populate the object, check to make sure this command returns at least one valid object.
WARNING: [Vivado 12-584] No ports matched 'swt[6]'. [D:/Codes/Digital-circuit-course/lab10_1_1/lab10_1_1.srcs/constrs_1/imports/Desktop/Nexys4DDR_Master.xdc:20]
CRITICAL WARNING: [Common 17-55] 'set_property' expects at least one object. [D:/Codes/Digital-circuit-course/lab10_1_1/lab10_1_1.srcs/constrs_1/imports/Desktop/Nexys4DDR_Master.xdc:20]
Resolution: If [get_<value>] was used to populate the object, check to make sure this command returns at least one valid object.
WARNING: [Vivado 12-584] No ports matched 'swt[7]'. [D:/Codes/Digital-circuit-course/lab10_1_1/lab10_1_1.srcs/constrs_1/imports/Desktop/Nexys4DDR_Master.xdc:21]
CRITICAL WARNING: [Common 17-55] 'set_property' expects at least one object. [D:/Codes/Digital-circuit-course/lab10_1_1/lab10_1_1.srcs/constrs_1/imports/Desktop/Nexys4DDR_Master.xdc:21]
Resolution: If [get_<value>] was used to populate the object, check to make sure this command returns at least one valid object.
WARNING: [Vivado 12-584] No ports matched 'swt[8]'. [D:/Codes/Digital-circuit-course/lab10_1_1/lab10_1_1.srcs/constrs_1/imports/Desktop/Nexys4DDR_Master.xdc:22]
CRITICAL WARNING: [Common 17-55] 'set_property' expects at least one object. [D:/Codes/Digital-circuit-course/lab10_1_1/lab10_1_1.srcs/constrs_1/imports/Desktop/Nexys4DDR_Master.xdc:22]
Resolution: If [get_<value>] was used to populate the object, check to make sure this command returns at least one valid object.
WARNING: [Vivado 12-584] No ports matched 'swt[9]'. [D:/Codes/Digital-circuit-course/lab10_1_1/lab10_1_1.srcs/constrs_1/imports/Desktop/Nexys4DDR_Master.xdc:23]
CRITICAL WARNING: [Common 17-55] 'set_property' expects at least one object. [D:/Codes/Digital-circuit-course/lab10_1_1/lab10_1_1.srcs/constrs_1/imports/Desktop/Nexys4DDR_Master.xdc:23]
Resolution: If [get_<value>] was used to populate the object, check to make sure this command returns at least one valid object.
WARNING: [Vivado 12-584] No ports matched 'swt[10]'. [D:/Codes/Digital-circuit-course/lab10_1_1/lab10_1_1.srcs/constrs_1/imports/Desktop/Nexys4DDR_Master.xdc:24]
CRITICAL WARNING: [Common 17-55] 'set_property' expects at least one object. [D:/Codes/Digital-circuit-course/lab10_1_1/lab10_1_1.srcs/constrs_1/imports/Desktop/Nexys4DDR_Master.xdc:24]
Resolution: If [get_<value>] was used to populate the object, check to make sure this command returns at least one valid object.
WARNING: [Vivado 12-584] No ports matched 'swt[11]'. [D:/Codes/Digital-circuit-course/lab10_1_1/lab10_1_1.srcs/constrs_1/imports/Desktop/Nexys4DDR_Master.xdc:25]
CRITICAL WARNING: [Common 17-55] 'set_property' expects at least one object. [D:/Codes/Digital-circuit-course/lab10_1_1/lab10_1_1.srcs/constrs_1/imports/Desktop/Nexys4DDR_Master.xdc:25]
Resolution: If [get_<value>] was used to populate the object, check to make sure this command returns at least one valid object.
WARNING: [Vivado 12-584] No ports matched 'swt[12]'. [D:/Codes/Digital-circuit-course/lab10_1_1/lab10_1_1.srcs/constrs_1/imports/Desktop/Nexys4DDR_Master.xdc:26]
CRITICAL WARNING: [Common 17-55] 'set_property' expects at least one object. [D:/Codes/Digital-circuit-course/lab10_1_1/lab10_1_1.srcs/constrs_1/imports/Desktop/Nexys4DDR_Master.xdc:26]
Resolution: If [get_<value>] was used to populate the object, check to make sure this command returns at least one valid object.
WARNING: [Vivado 12-584] No ports matched 'swt[13]'. [D:/Codes/Digital-circuit-course/lab10_1_1/lab10_1_1.srcs/constrs_1/imports/Desktop/Nexys4DDR_Master.xdc:27]
CRITICAL WARNING: [Common 17-55] 'set_property' expects at least one object. [D:/Codes/Digital-circuit-course/lab10_1_1/lab10_1_1.srcs/constrs_1/imports/Desktop/Nexys4DDR_Master.xdc:27]
Resolution: If [get_<value>] was used to populate the object, check to make sure this command returns at least one valid object.
WARNING: [Vivado 12-584] No ports matched 'swt[14]'. [D:/Codes/Digital-circuit-course/lab10_1_1/lab10_1_1.srcs/constrs_1/imports/Desktop/Nexys4DDR_Master.xdc:28]
CRITICAL WARNING: [Common 17-55] 'set_property' expects at least one object. [D:/Codes/Digital-circuit-course/lab10_1_1/lab10_1_1.srcs/constrs_1/imports/Desktop/Nexys4DDR_Master.xdc:28]
Resolution: If [get_<value>] was used to populate the object, check to make sure this command returns at least one valid object.
WARNING: [Vivado 12-584] No ports matched 'led[1]'. [D:/Codes/Digital-circuit-course/lab10_1_1/lab10_1_1.srcs/constrs_1/imports/Desktop/Nexys4DDR_Master.xdc:35]
CRITICAL WARNING: [Common 17-55] 'set_property' expects at least one object. [D:/Codes/Digital-circuit-course/lab10_1_1/lab10_1_1.srcs/constrs_1/imports/Desktop/Nexys4DDR_Master.xdc:35]
Resolution: If [get_<value>] was used to populate the object, check to make sure this command returns at least one valid object.
WARNING: [Vivado 12-584] No ports matched 'led[2]'. [D:/Codes/Digital-circuit-course/lab10_1_1/lab10_1_1.srcs/constrs_1/imports/Desktop/Nexys4DDR_Master.xdc:36]
CRITICAL WARNING: [Common 17-55] 'set_property' expects at least one object. [D:/Codes/Digital-circuit-course/lab10_1_1/lab10_1_1.srcs/constrs_1/imports/Desktop/Nexys4DDR_Master.xdc:36]
Resolution: If [get_<value>] was used to populate the object, check to make sure this command returns at least one valid object.
WARNING: [Vivado 12-584] No ports matched 'led[3]'. [D:/Codes/Digital-circuit-course/lab10_1_1/lab10_1_1.srcs/constrs_1/imports/Desktop/Nexys4DDR_Master.xdc:37]
CRITICAL WARNING: [Common 17-55] 'set_property' expects at least one object. [D:/Codes/Digital-circuit-course/lab10_1_1/lab10_1_1.srcs/constrs_1/imports/Desktop/Nexys4DDR_Master.xdc:37]
Resolution: If [get_<value>] was used to populate the object, check to make sure this command returns at least one valid object.
WARNING: [Vivado 12-584] No ports matched 'led[8]'. [D:/Codes/Digital-circuit-course/lab10_1_1/lab10_1_1.srcs/constrs_1/imports/Desktop/Nexys4DDR_Master.xdc:42]
CRITICAL WARNING: [Common 17-55] 'set_property' expects at least one object. [D:/Codes/Digital-circuit-course/lab10_1_1/lab10_1_1.srcs/constrs_1/imports/Desktop/Nexys4DDR_Master.xdc:42]
Resolution: If [get_<value>] was used to populate the object, check to make sure this command returns at least one valid object.
WARNING: [Vivado 12-584] No ports matched 'led[9]'. [D:/Codes/Digital-circuit-course/lab10_1_1/lab10_1_1.srcs/constrs_1/imports/Desktop/Nexys4DDR_Master.xdc:43]
CRITICAL WARNING: [Common 17-55] 'set_property' expects at least one object. [D:/Codes/Digital-circuit-course/lab10_1_1/lab10_1_1.srcs/constrs_1/imports/Desktop/Nexys4DDR_Master.xdc:43]
Resolution: If [get_<value>] was used to populate the object, check to make sure this command returns at least one valid object.
WARNING: [Vivado 12-584] No ports matched 'led[10]'. [D:/Codes/Digital-circuit-course/lab10_1_1/lab10_1_1.srcs/constrs_1/imports/Desktop/Nexys4DDR_Master.xdc:44]
CRITICAL WARNING: [Common 17-55] 'set_property' expects at least one object. [D:/Codes/Digital-circuit-course/lab10_1_1/lab10_1_1.srcs/constrs_1/imports/Desktop/Nexys4DDR_Master.xdc:44]
Resolution: If [get_<value>] was used to populate the object, check to make sure this command returns at least one valid object.
WARNING: [Vivado 12-584] No ports matched 'led[11]'. [D:/Codes/Digital-circuit-course/lab10_1_1/lab10_1_1.srcs/constrs_1/imports/Desktop/Nexys4DDR_Master.xdc:45]
CRITICAL WARNING: [Common 17-55] 'set_property' expects at least one object. [D:/Codes/Digital-circuit-course/lab10_1_1/lab10_1_1.srcs/constrs_1/imports/Desktop/Nexys4DDR_Master.xdc:45]
Resolution: If [get_<value>] was used to populate the object, check to make sure this command returns at least one valid object.
WARNING: [Vivado 12-584] No ports matched 'led[12]'. [D:/Codes/Digital-circuit-course/lab10_1_1/lab10_1_1.srcs/constrs_1/imports/Desktop/Nexys4DDR_Master.xdc:46]
CRITICAL WARNING: [Common 17-55] 'set_property' expects at least one object. [D:/Codes/Digital-circuit-course/lab10_1_1/lab10_1_1.srcs/constrs_1/imports/Desktop/Nexys4DDR_Master.xdc:46]
Resolution: If [get_<value>] was used to populate the object, check to make sure this command returns at least one valid object.
WARNING: [Vivado 12-584] No ports matched 'led[13]'. [D:/Codes/Digital-circuit-course/lab10_1_1/lab10_1_1.srcs/constrs_1/imports/Desktop/Nexys4DDR_Master.xdc:47]
CRITICAL WARNING: [Common 17-55] 'set_property' expects at least one object. [D:/Codes/Digital-circuit-course/lab10_1_1/lab10_1_1.srcs/constrs_1/imports/Desktop/Nexys4DDR_Master.xdc:47]
Resolution: If [get_<value>] was used to populate the object, check to make sure this command returns at least one valid object.
WARNING: [Vivado 12-584] No ports matched 'led[14]'. [D:/Codes/Digital-circuit-course/lab10_1_1/lab10_1_1.srcs/constrs_1/imports/Desktop/Nexys4DDR_Master.xdc:48]
CRITICAL WARNING: [Common 17-55] 'set_property' expects at least one object. [D:/Codes/Digital-circuit-course/lab10_1_1/lab10_1_1.srcs/constrs_1/imports/Desktop/Nexys4DDR_Master.xdc:48]
Resolution: If [get_<value>] was used to populate the object, check to make sure this command returns at least one valid object.
WARNING: [Vivado 12-584] No ports matched 'led[15]'. [D:/Codes/Digital-circuit-course/lab10_1_1/lab10_1_1.srcs/constrs_1/imports/Desktop/Nexys4DDR_Master.xdc:49]
CRITICAL WARNING: [Common 17-55] 'set_property' expects at least one object. [D:/Codes/Digital-circuit-course/lab10_1_1/lab10_1_1.srcs/constrs_1/imports/Desktop/Nexys4DDR_Master.xdc:49]
Resolution: If [get_<value>] was used to populate the object, check to make sure this command returns at least one valid object.
WARNING: [Vivado 12-584] No ports matched 'seg[0]'. [D:/Codes/Digital-circuit-course/lab10_1_1/lab10_1_1.srcs/constrs_1/imports/Desktop/Nexys4DDR_Master.xdc:61]
CRITICAL WARNING: [Common 17-55] 'set_property' expects at least one object. [D:/Codes/Digital-circuit-course/lab10_1_1/lab10_1_1.srcs/constrs_1/imports/Desktop/Nexys4DDR_Master.xdc:61]
Resolution: If [get_<value>] was used to populate the object, check to make sure this command returns at least one valid object.
WARNING: [Vivado 12-584] No ports matched 'seg[1]'. [D:/Codes/Digital-circuit-course/lab10_1_1/lab10_1_1.srcs/constrs_1/imports/Desktop/Nexys4DDR_Master.xdc:62]
CRITICAL WARNING: [Common 17-55] 'set_property' expects at least one object. [D:/Codes/Digital-circuit-course/lab10_1_1/lab10_1_1.srcs/constrs_1/imports/Desktop/Nexys4DDR_Master.xdc:62]
Resolution: If [get_<value>] was used to populate the object, check to make sure this command returns at least one valid object.
WARNING: [Vivado 12-584] No ports matched 'seg[2]'. [D:/Codes/Digital-circuit-course/lab10_1_1/lab10_1_1.srcs/constrs_1/imports/Desktop/Nexys4DDR_Master.xdc:63]
CRITICAL WARNING: [Common 17-55] 'set_property' expects at least one object. [D:/Codes/Digital-circuit-course/lab10_1_1/lab10_1_1.srcs/constrs_1/imports/Desktop/Nexys4DDR_Master.xdc:63]
Resolution: If [get_<value>] was used to populate the object, check to make sure this command returns at least one valid object.
WARNING: [Vivado 12-584] No ports matched 'seg[3]'. [D:/Codes/Digital-circuit-course/lab10_1_1/lab10_1_1.srcs/constrs_1/imports/Desktop/Nexys4DDR_Master.xdc:64]
CRITICAL WARNING: [Common 17-55] 'set_property' expects at least one object. [D:/Codes/Digital-circuit-course/lab10_1_1/lab10_1_1.srcs/constrs_1/imports/Desktop/Nexys4DDR_Master.xdc:64]
Resolution: If [get_<value>] was used to populate the object, check to make sure this command returns at least one valid object.
WARNING: [Vivado 12-584] No ports matched 'seg[4]'. [D:/Codes/Digital-circuit-course/lab10_1_1/lab10_1_1.srcs/constrs_1/imports/Desktop/Nexys4DDR_Master.xdc:65]
CRITICAL WARNING: [Common 17-55] 'set_property' expects at least one object. [D:/Codes/Digital-circuit-course/lab10_1_1/lab10_1_1.srcs/constrs_1/imports/Desktop/Nexys4DDR_Master.xdc:65]
Resolution: If [get_<value>] was used to populate the object, check to make sure this command returns at least one valid object.
WARNING: [Vivado 12-584] No ports matched 'seg[5]'. [D:/Codes/Digital-circuit-course/lab10_1_1/lab10_1_1.srcs/constrs_1/imports/Desktop/Nexys4DDR_Master.xdc:66]
CRITICAL WARNING: [Common 17-55] 'set_property' expects at least one object. [D:/Codes/Digital-circuit-course/lab10_1_1/lab10_1_1.srcs/constrs_1/imports/Desktop/Nexys4DDR_Master.xdc:66]
Resolution: If [get_<value>] was used to populate the object, check to make sure this command returns at least one valid object.
WARNING: [Vivado 12-584] No ports matched 'seg[6]'. [D:/Codes/Digital-circuit-course/lab10_1_1/lab10_1_1.srcs/constrs_1/imports/Desktop/Nexys4DDR_Master.xdc:67]
CRITICAL WARNING: [Common 17-55] 'set_property' expects at least one object. [D:/Codes/Digital-circuit-course/lab10_1_1/lab10_1_1.srcs/constrs_1/imports/Desktop/Nexys4DDR_Master.xdc:67]
Resolution: If [get_<value>] was used to populate the object, check to make sure this command returns at least one valid object.
WARNING: [Vivado 12-584] No ports matched 'AN[0]'. [D:/Codes/Digital-circuit-course/lab10_1_1/lab10_1_1.srcs/constrs_1/imports/Desktop/Nexys4DDR_Master.xdc:71]
CRITICAL WARNING: [Common 17-55] 'set_property' expects at least one object. [D:/Codes/Digital-circuit-course/lab10_1_1/lab10_1_1.srcs/constrs_1/imports/Desktop/Nexys4DDR_Master.xdc:71]
Resolution: If [get_<value>] was used to populate the object, check to make sure this command returns at least one valid object.
WARNING: [Vivado 12-584] No ports matched 'AN[1]'. [D:/Codes/Digital-circuit-course/lab10_1_1/lab10_1_1.srcs/constrs_1/imports/Desktop/Nexys4DDR_Master.xdc:72]
CRITICAL WARNING: [Common 17-55] 'set_property' expects at least one object. [D:/Codes/Digital-circuit-course/lab10_1_1/lab10_1_1.srcs/constrs_1/imports/Desktop/Nexys4DDR_Master.xdc:72]
Resolution: If [get_<value>] was used to populate the object, check to make sure this command returns at least one valid object.
WARNING: [Vivado 12-584] No ports matched 'AN[2]'. [D:/Codes/Digital-circuit-course/lab10_1_1/lab10_1_1.srcs/constrs_1/imports/Desktop/Nexys4DDR_Master.xdc:73]
CRITICAL WARNING: [Common 17-55] 'set_property' expects at least one object. [D:/Codes/Digital-circuit-course/lab10_1_1/lab10_1_1.srcs/constrs_1/imports/Desktop/Nexys4DDR_Master.xdc:73]
Resolution: If [get_<value>] was used to populate the object, check to make sure this command returns at least one valid object.
WARNING: [Vivado 12-584] No ports matched 'AN[3]'. [D:/Codes/Digital-circuit-course/lab10_1_1/lab10_1_1.srcs/constrs_1/imports/Desktop/Nexys4DDR_Master.xdc:74]
CRITICAL WARNING: [Common 17-55] 'set_property' expects at least one object. [D:/Codes/Digital-circuit-course/lab10_1_1/lab10_1_1.srcs/constrs_1/imports/Desktop/Nexys4DDR_Master.xdc:74]
Resolution: If [get_<value>] was used to populate the object, check to make sure this command returns at least one valid object.
WARNING: [Vivado 12-584] No ports matched 'AN[4]'. [D:/Codes/Digital-circuit-course/lab10_1_1/lab10_1_1.srcs/constrs_1/imports/Desktop/Nexys4DDR_Master.xdc:75]
CRITICAL WARNING: [Common 17-55] 'set_property' expects at least one object. [D:/Codes/Digital-circuit-course/lab10_1_1/lab10_1_1.srcs/constrs_1/imports/Desktop/Nexys4DDR_Master.xdc:75]
Resolution: If [get_<value>] was used to populate the object, check to make sure this command returns at least one valid object.
WARNING: [Vivado 12-584] No ports matched 'AN[5]'. [D:/Codes/Digital-circuit-course/lab10_1_1/lab10_1_1.srcs/constrs_1/imports/Desktop/Nexys4DDR_Master.xdc:76]
CRITICAL WARNING: [Common 17-55] 'set_property' expects at least one object. [D:/Codes/Digital-circuit-course/lab10_1_1/lab10_1_1.srcs/constrs_1/imports/Desktop/Nexys4DDR_Master.xdc:76]
Resolution: If [get_<value>] was used to populate the object, check to make sure this command returns at least one valid object.
WARNING: [Vivado 12-584] No ports matched 'AN[6]'. [D:/Codes/Digital-circuit-course/lab10_1_1/lab10_1_1.srcs/constrs_1/imports/Desktop/Nexys4DDR_Master.xdc:77]
CRITICAL WARNING: [Common 17-55] 'set_property' expects at least one object. [D:/Codes/Digital-circuit-course/lab10_1_1/lab10_1_1.srcs/constrs_1/imports/Desktop/Nexys4DDR_Master.xdc:77]
Resolution: If [get_<value>] was used to populate the object, check to make sure this command returns at least one valid object.
WARNING: [Vivado 12-584] No ports matched 'AN[7]'. [D:/Codes/Digital-circuit-course/lab10_1_1/lab10_1_1.srcs/constrs_1/imports/Desktop/Nexys4DDR_Master.xdc:78]
CRITICAL WARNING: [Common 17-55] 'set_property' expects at least one object. [D:/Codes/Digital-circuit-course/lab10_1_1/lab10_1_1.srcs/constrs_1/imports/Desktop/Nexys4DDR_Master.xdc:78]
Resolution: If [get_<value>] was used to populate the object, check to make sure this command returns at least one valid object.
WARNING: [Vivado 12-584] No ports matched 'BTNC'. [D:/Codes/Digital-circuit-course/lab10_1_1/lab10_1_1.srcs/constrs_1/imports/Desktop/Nexys4DDR_Master.xdc:85]
CRITICAL WARNING: [Common 17-55] 'set_property' expects at least one object. [D:/Codes/Digital-circuit-course/lab10_1_1/lab10_1_1.srcs/constrs_1/imports/Desktop/Nexys4DDR_Master.xdc:85]
Resolution: If [get_<value>] was used to populate the object, check to make sure this command returns at least one valid object.
WARNING: [Vivado 12-584] No ports matched 'BTNL'. [D:/Codes/Digital-circuit-course/lab10_1_1/lab10_1_1.srcs/constrs_1/imports/Desktop/Nexys4DDR_Master.xdc:87]
CRITICAL WARNING: [Common 17-55] 'set_property' expects at least one object. [D:/Codes/Digital-circuit-course/lab10_1_1/lab10_1_1.srcs/constrs_1/imports/Desktop/Nexys4DDR_Master.xdc:87]
Resolution: If [get_<value>] was used to populate the object, check to make sure this command returns at least one valid object.
WARNING: [Vivado 12-584] No ports matched 'BTNR'. [D:/Codes/Digital-circuit-course/lab10_1_1/lab10_1_1.srcs/constrs_1/imports/Desktop/Nexys4DDR_Master.xdc:88]
CRITICAL WARNING: [Common 17-55] 'set_property' expects at least one object. [D:/Codes/Digital-circuit-course/lab10_1_1/lab10_1_1.srcs/constrs_1/imports/Desktop/Nexys4DDR_Master.xdc:88]
Resolution: If [get_<value>] was used to populate the object, check to make sure this command returns at least one valid object.
WARNING: [Vivado 12-584] No ports matched 'BTND'. [D:/Codes/Digital-circuit-course/lab10_1_1/lab10_1_1.srcs/constrs_1/imports/Desktop/Nexys4DDR_Master.xdc:89]
CRITICAL WARNING: [Common 17-55] 'set_property' expects at least one object. [D:/Codes/Digital-circuit-course/lab10_1_1/lab10_1_1.srcs/constrs_1/imports/Desktop/Nexys4DDR_Master.xdc:89]
Resolution: If [get_<value>] was used to populate the object, check to make sure this command returns at least one valid object.
Finished Parsing XDC File [D:/Codes/Digital-circuit-course/lab10_1_1/lab10_1_1.srcs/constrs_1/imports/Desktop/Nexys4DDR_Master.xdc]
INFO: [Project 1-236] Implementation specific constraints were found while reading constraint file [D:/Codes/Digital-circuit-course/lab10_1_1/lab10_1_1.srcs/constrs_1/imports/Desktop/Nexys4DDR_Master.xdc]. These constraints will be ignored for synthesis but will be used in implementation. Impacted constraints are listed in the file [.Xil/top_propImpl.xdc].
Resolution: To avoid this warning, move constraints listed in [.Xil/top_propImpl.xdc] to another XDC file and exclude this new file from synthesis with the used_in_synthesis property (File Properties dialog in GUI) and re-run elaboration/synthesis.
Completed Processing XDC Constraints

INFO: [Project 1-111] Unisim Transformation Summary:
No Unisim elements were transformed.

Constraint Validation Runtime : Time (s): cpu = 00:00:00 ; elapsed = 00:00:00.002 . Memory (MB): peak = 711.871 ; gain = 0.000
---------------------------------------------------------------------------------
Finished Constraint Validation : Time (s): cpu = 00:00:12 ; elapsed = 00:00:14 . Memory (MB): peak = 711.871 ; gain = 478.488
---------------------------------------------------------------------------------
---------------------------------------------------------------------------------
Start Loading Part and Timing Information
---------------------------------------------------------------------------------
Loading part: xc7a100tcsg324-1
---------------------------------------------------------------------------------
Finished Loading Part and Timing Information : Time (s): cpu = 00:00:12 ; elapsed = 00:00:14 . Memory (MB): peak = 711.871 ; gain = 478.488
---------------------------------------------------------------------------------
---------------------------------------------------------------------------------
Start Applying 'set_property' XDC Constraints
---------------------------------------------------------------------------------
---------------------------------------------------------------------------------
Finished applying 'set_property' XDC Constraints : Time (s): cpu = 00:00:12 ; elapsed = 00:00:14 . Memory (MB): peak = 711.871 ; gain = 478.488
---------------------------------------------------------------------------------
WARNING: [Synth 8-327] inferring latch for variable 'nextstate_reg' [D:/Codes/Digital-circuit-course/lab10_1_1/lab10_1_1.srcs/sources_1/new/top.v:17]
---------------------------------------------------------------------------------
Finished RTL Optimization Phase 2 : Time (s): cpu = 00:00:12 ; elapsed = 00:00:14 . Memory (MB): peak = 711.871 ; gain = 478.488
---------------------------------------------------------------------------------

Report RTL Partitions: 
+-+--------------+------------+----------+
| |RTL Partition |Replication |Instances |
+-+--------------+------------+----------+
+-+--------------+------------+----------+
---------------------------------------------------------------------------------
Start RTL Component Statistics 
---------------------------------------------------------------------------------
Detailed RTL Component Info : 
+---Adders : 
	   2 Input      4 Bit       Adders := 1     
+---Registers : 
	                4 Bit    Registers := 1     
	                2 Bit    Registers := 1     
+---Muxes : 
	   5 Input      2 Bit        Muxes := 1     
	   5 Input      1 Bit        Muxes := 1     
---------------------------------------------------------------------------------
Finished RTL Component Statistics 
---------------------------------------------------------------------------------
---------------------------------------------------------------------------------
Start RTL Hierarchical Component Statistics 
---------------------------------------------------------------------------------
Hierarchical RTL Component report 
Module top 
Detailed RTL Component Info : 
+---Adders : 
	   2 Input      4 Bit       Adders := 1     
+---Registers : 
	                4 Bit    Registers := 1     
	                2 Bit    Registers := 1     
+---Muxes : 
	   5 Input      2 Bit        Muxes := 1     
	   5 Input      1 Bit        Muxes := 1     
---------------------------------------------------------------------------------
Finished RTL Hierarchical Component Statistics
---------------------------------------------------------------------------------
---------------------------------------------------------------------------------
Start Part Resource Summary
---------------------------------------------------------------------------------
Part Resources:
DSPs: 240 (col length:80)
BRAMs: 270 (col length: RAMB18 80 RAMB36 40)
---------------------------------------------------------------------------------
Finished Part Resource Summary
---------------------------------------------------------------------------------
---------------------------------------------------------------------------------
Start Cross Boundary and Area Optimization
---------------------------------------------------------------------------------
Warning: Parallel synthesis criteria is not met 
---------------------------------------------------------------------------------
Finished Cross Boundary and Area Optimization : Time (s): cpu = 00:00:13 ; elapsed = 00:00:15 . Memory (MB): peak = 711.871 ; gain = 478.488
---------------------------------------------------------------------------------

Report RTL Partitions: 
+-+--------------+------------+----------+
| |RTL Partition |Replication |Instances |
+-+--------------+------------+----------+
+-+--------------+------------+----------+
---------------------------------------------------------------------------------
Start Applying XDC Timing Constraints
---------------------------------------------------------------------------------
---------------------------------------------------------------------------------
Finished Applying XDC Timing Constraints : Time (s): cpu = 00:00:24 ; elapsed = 00:00:28 . Memory (MB): peak = 724.242 ; gain = 490.859
---------------------------------------------------------------------------------
---------------------------------------------------------------------------------
Start Timing Optimization
---------------------------------------------------------------------------------
---------------------------------------------------------------------------------
Finished Timing Optimization : Time (s): cpu = 00:00:24 ; elapsed = 00:00:28 . Memory (MB): peak = 724.316 ; gain = 490.934
---------------------------------------------------------------------------------

Report RTL Partitions: 
+-+--------------+------------+----------+
| |RTL Partition |Replication |Instances |
+-+--------------+------------+----------+
+-+--------------+------------+----------+
---------------------------------------------------------------------------------
Start Technology Mapping
---------------------------------------------------------------------------------
---------------------------------------------------------------------------------
Finished Technology Mapping : Time (s): cpu = 00:00:24 ; elapsed = 00:00:28 . Memory (MB): peak = 724.316 ; gain = 490.934
---------------------------------------------------------------------------------

Report RTL Partitions: 
+-+--------------+------------+----------+
| |RTL Partition |Replication |Instances |
+-+--------------+------------+----------+
+-+--------------+------------+----------+
---------------------------------------------------------------------------------
Start IO Insertion
---------------------------------------------------------------------------------
---------------------------------------------------------------------------------
Start Flattening Before IO Insertion
---------------------------------------------------------------------------------
---------------------------------------------------------------------------------
Finished Flattening Before IO Insertion
---------------------------------------------------------------------------------
---------------------------------------------------------------------------------
Start Final Netlist Cleanup
---------------------------------------------------------------------------------
---------------------------------------------------------------------------------
Finished Final Netlist Cleanup
---------------------------------------------------------------------------------
---------------------------------------------------------------------------------
Finished IO Insertion : Time (s): cpu = 00:00:26 ; elapsed = 00:00:30 . Memory (MB): peak = 725.496 ; gain = 492.113
---------------------------------------------------------------------------------

Report Check Netlist: 
+------+------------------+-------+---------+-------+------------------+
|      |Item              |Errors |Warnings |Status |Description       |
+------+------------------+-------+---------+-------+------------------+
|1     |multi_driven_nets |      0|        0|Passed |Multi driven nets |
+------+------------------+-------+---------+-------+------------------+
---------------------------------------------------------------------------------
Start Renaming Generated Instances
---------------------------------------------------------------------------------
---------------------------------------------------------------------------------
Finished Renaming Generated Instances : Time (s): cpu = 00:00:26 ; elapsed = 00:00:30 . Memory (MB): peak = 725.496 ; gain = 492.113
---------------------------------------------------------------------------------

Report RTL Partitions: 
+-+--------------+------------+----------+
| |RTL Partition |Replication |Instances |
+-+--------------+------------+----------+
+-+--------------+------------+----------+
---------------------------------------------------------------------------------
Start Rebuilding User Hierarchy
---------------------------------------------------------------------------------
---------------------------------------------------------------------------------
Finished Rebuilding User Hierarchy : Time (s): cpu = 00:00:26 ; elapsed = 00:00:30 . Memory (MB): peak = 725.496 ; gain = 492.113
---------------------------------------------------------------------------------
---------------------------------------------------------------------------------
Start Renaming Generated Ports
---------------------------------------------------------------------------------
---------------------------------------------------------------------------------
Finished Renaming Generated Ports : Time (s): cpu = 00:00:26 ; elapsed = 00:00:30 . Memory (MB): peak = 725.496 ; gain = 492.113
---------------------------------------------------------------------------------
---------------------------------------------------------------------------------
Start Handling Custom Attributes
---------------------------------------------------------------------------------
---------------------------------------------------------------------------------
Finished Handling Custom Attributes : Time (s): cpu = 00:00:26 ; elapsed = 00:00:30 . Memory (MB): peak = 725.496 ; gain = 492.113
---------------------------------------------------------------------------------
---------------------------------------------------------------------------------
Start Renaming Generated Nets
---------------------------------------------------------------------------------
---------------------------------------------------------------------------------
Finished Renaming Generated Nets : Time (s): cpu = 00:00:26 ; elapsed = 00:00:30 . Memory (MB): peak = 725.496 ; gain = 492.113
---------------------------------------------------------------------------------
---------------------------------------------------------------------------------
Start Writing Synthesis Report
---------------------------------------------------------------------------------

Report BlackBoxes: 
+-+--------------+----------+
| |BlackBox name |Instances |
+-+--------------+----------+
+-+--------------+----------+

Report Cell Usage: 
+------+-----+------+
|      |Cell |Count |
+------+-----+------+
|1     |BUFG |     1|
|2     |LUT1 |     1|
|3     |LUT2 |     2|
|4     |LUT3 |     4|
|5     |LUT4 |     2|
|6     |FDCE |     6|
|7     |LD   |     2|
|8     |IBUF |     3|
|9     |OBUF |     5|
+------+-----+------+

Report Instance Areas: 
+------+---------+-------+------+
|      |Instance |Module |Cells |
+------+---------+-------+------+
|1     |top      |       |    26|
+------+---------+-------+------+
---------------------------------------------------------------------------------
Finished Writing Synthesis Report : Time (s): cpu = 00:00:26 ; elapsed = 00:00:30 . Memory (MB): peak = 725.496 ; gain = 492.113
---------------------------------------------------------------------------------
Synthesis finished with 0 errors, 0 critical warnings and 1 warnings.
Synthesis Optimization Runtime : Time (s): cpu = 00:00:17 ; elapsed = 00:00:22 . Memory (MB): peak = 725.496 ; gain = 168.434
Synthesis Optimization Complete : Time (s): cpu = 00:00:26 ; elapsed = 00:00:30 . Memory (MB): peak = 725.496 ; gain = 492.113
INFO: [Project 1-571] Translating synthesized netlist
INFO: [Netlist 29-17] Analyzing 5 Unisim elements for replacement
INFO: [Netlist 29-28] Unisim Transformation completed in 0 CPU seconds
INFO: [Project 1-570] Preparing netlist for logic optimization
INFO: [Opt 31-138] Pushed 0 inverter(s) to 0 load pin(s).
INFO: [Project 1-111] Unisim Transformation Summary:
  A total of 2 instances were transformed.
  LD => LDCE: 2 instances

INFO: [Common 17-83] Releasing license: Synthesis
15 Infos, 46 Warnings, 45 Critical Warnings and 0 Errors encountered.
synth_design completed successfully
synth_design: Time (s): cpu = 00:00:29 ; elapsed = 00:00:33 . Memory (MB): peak = 750.172 ; gain = 529.746
WARNING: [Constraints 18-5210] No constraint will be written out.
INFO: [Common 17-1381] The checkpoint 'D:/Codes/Digital-circuit-course/lab10_1_1/lab10_1_1.runs/synth_1/top.dcp' has been generated.
INFO: [runtcl-4] Executing : report_utilization -file top_utilization_synth.rpt -pb top_utilization_synth.pb
report_utilization: Time (s): cpu = 00:00:00 ; elapsed = 00:00:00.071 . Memory (MB): peak = 750.172 ; gain = 0.000
INFO: [Common 17-206] Exiting Vivado at Fri Nov 30 19:41:13 2018...
