xilinx rtfpga
INFO: [Synth 8-5546] ROM "depth" won't be mapped to RAM because it is too sparse
INFO: [Synth 8-5546] ROM "p_0_out" won't be mapped to RAM because it is too sparse
WARNING: [Synth 8-3332] Sequential element (number_reg[255]) is unused and will be removed from module String_to_Number.
WARNING: [Synth 8-3332] Sequential element (number_reg[254]) is unused and will be removed from module String_to_Number.
WARNING: [Synth 8-3332] Sequential element (number_reg[253]) is unused and will be removed from module String_to_Number.
WARNING: [Synth 8-3332] Sequential element (number_reg[252]) is unused and will be removed from module String_to_Number.
WARNING: [Synth 8-3332] Sequential element (number_reg[251]) is unused and will be removed from module String_to_Number.
WARNING: [Synth 8-3332] Sequential element (number_reg[250]) is unused and will be removed from module String_to_Number.
WARNING: [Synth 8-3332] Sequential element (number_reg[249]) is unused and will be removed from module String_to_Number.
WARNING: [Synth 8-3332] Sequential element (number_reg[248]) is unused and will be removed from module String_to_Number.
WARNING: [Synth 8-3332] Sequential element (number_reg[247]) is unused and will be removed from module String_to_Number.
WARNING: [Synth 8-3332] Sequential element (number_reg[246]) is unused and will be removed from module String_to_Number.
WARNING: [Synth 8-3332] Sequential element (number_reg[245]) is unused and will be removed from module String_to_Number.
WARNING: [Synth 8-3332] Sequential element (number_reg[244]) is unused and will be removed from module String_to_Number.
WARNING: [Synth 8-3332] Sequential element (number_reg[243]) is unused and will be removed from module String_to_Number.
WARNING: [Synth 8-3332] Sequential element (number_reg[242]) is unused and will be removed from module String_to_Number.
WARNING: [Synth 8-3332] Sequential element (number_reg[241]) is unused and will be removed from module String_to_Number.
WARNING: [Synth 8-3332] Sequential element (number_reg[240]) is unused and will be removed from module String_to_Number.
WARNING: [Synth 8-3332] Sequential element (number_reg[239]) is unused and will be removed from module String_to_Number.
WARNING: [Synth 8-3332] Sequential element (number_reg[238]) is unused and will be removed from module String_to_Number.
WARNING: [Synth 8-3332] Sequential element (number_reg[237]) is unused and will be removed from module String_to_Number.
WARNING: [Synth 8-3332] Sequential element (number_reg[236]) is unused and will be removed from module String_to_Number.
WARNING: [Synth 8-3332] Sequential element (number_reg[235]) is unused and will be removed from module String_to_Number.
WARNING: [Synth 8-3332] Sequential element (number_reg[234]) is unused and will be removed from module String_to_Number.
WARNING: [Synth 8-3332] Sequential element (number_reg[233]) is unused and will be removed from module String_to_Number.
WARNING: [Synth 8-3332] Sequential element (number_reg[232]) is unused and will be removed from module String_to_Number.
WARNING: [Synth 8-3332] Sequential element (number_reg[231]) is unused and will be removed from module String_to_Number.
WARNING: [Synth 8-3332] Sequential element (number_reg[230]) is unused and will be removed from module String_to_Number.
WARNING: [Synth 8-3332] Sequential element (number_reg[229]) is unused and will be removed from module String_to_Number.
WARNING: [Synth 8-3332] Sequential element (number_reg[228]) is unused and will be removed from module String_to_Number.
WARNING: [Synth 8-3332] Sequential element (number_reg[227]) is unused and will be removed from module String_to_Number.
WARNING: [Synth 8-3332] Sequential element (number_reg[226]) is unused and will be removed from module String_to_Number.
WARNING: [Synth 8-3332] Sequential element (number_reg[225]) is unused and will be removed from module String_to_Number.
WARNING: [Synth 8-3332] Sequential element (number_reg[224]) is unused and will be removed from module String_to_Number.
WARNING: [Synth 8-3332] Sequential element (number_reg[223]) is unused and will be removed from module String_to_Number.
WARNING: [Synth 8-3332] Sequential element (number_reg[222]) is unused and will be removed from module String_to_Number.
WARNING: [Synth 8-3332] Sequential element (number_reg[221]) is unused and will be removed from module String_to_Number.
WARNING: [Synth 8-3332] Sequential element (number_reg[220]) is unused and will be removed from module String_to_Number.
WARNING: [Synth 8-3332] Sequential element (number_reg[219]) is unused and will be removed from module String_to_Number.
WARNING: [Synth 8-3332] Sequential element (number_reg[218]) is unused and will be removed from module String_to_Number.
WARNING: [Synth 8-3332] Sequential element (number_reg[217]) is unused and will be removed from module String_to_Number.
WARNING: [Synth 8-3332] Sequential element (number_reg[216]) is unused and will be removed from module String_to_Number.
WARNING: [Synth 8-3332] Sequential element (number_reg[215]) is unused and will be removed from module String_to_Number.
WARNING: [Synth 8-3332] Sequential element (number_reg[214]) is unused and will be removed from module String_to_Number.
WARNING: [Synth 8-3332] Sequential element (number_reg[213]) is unused and will be removed from module String_to_Number.
WARNING: [Synth 8-3332] Sequential element (number_reg[212]) is unused and will be removed from module String_to_Number.
WARNING: [Synth 8-3332] Sequential element (number_reg[211]) is unused and will be removed from module String_to_Number.
WARNING: [Synth 8-3332] Sequential element (number_reg[210]) is unused and will be removed from module String_to_Number.
WARNING: [Synth 8-3332] Sequential element (number_reg[209]) is unused and will be removed from module String_to_Number.
WARNING: [Synth 8-3332] Sequential element (number_reg[208]) is unused and will be removed from module String_to_Number.
WARNING: [Synth 8-3332] Sequential element (number_reg[207]) is unused and will be removed from module String_to_Number.
WARNING: [Synth 8-3332] Sequential element (number_reg[206]) is unused and will be removed from module String_to_Number.
WARNING: [Synth 8-3332] Sequential element (number_reg[205]) is unused and will be removed from module String_to_Number.
WARNING: [Synth 8-3332] Sequential element (number_reg[204]) is unused and will be removed from module String_to_Number.
WARNING: [Synth 8-3332] Sequential element (number_reg[203]) is unused and will be removed from module String_to_Number.
WARNING: [Synth 8-3332] Sequential element (number_reg[202]) is unused and will be removed from module String_to_Number.
WARNING: [Synth 8-3332] Sequential element (number_reg[201]) is unused and will be removed from module String_to_Number.
WARNING: [Synth 8-3332] Sequential element (number_reg[200]) is unused and will be removed from module String_to_Number.
WARNING: [Synth 8-3332] Sequential element (number_reg[199]) is unused and will be removed from module String_to_Number.
WARNING: [Synth 8-3332] Sequential element (number_reg[198]) is unused and will be removed from module String_to_Number.
WARNING: [Synth 8-3332] Sequential element (number_reg[197]) is unused and will be removed from module String_to_Number.
WARNING: [Synth 8-3332] Sequential element (number_reg[196]) is unused and will be removed from module String_to_Number.
WARNING: [Synth 8-3332] Sequential element (number_reg[195]) is unused and will be removed from module String_to_Number.
WARNING: [Synth 8-3332] Sequential element (number_reg[194]) is unused and will be removed from module String_to_Number.
WARNING: [Synth 8-3332] Sequential element (number_reg[193]) is unused and will be removed from module String_to_Number.
WARNING: [Synth 8-3332] Sequential element (number_reg[192]) is unused and will be removed from module String_to_Number.
WARNING: [Synth 8-3332] Sequential element (number_reg[191]) is unused and will be removed from module String_to_Number.
WARNING: [Synth 8-3332] Sequential element (number_reg[190]) is unused and will be removed from module String_to_Number.
WARNING: [Synth 8-3332] Sequential element (number_reg[189]) is unused and will be removed from module String_to_Number.
WARNING: [Synth 8-3332] Sequential element (number_reg[188]) is unused and will be removed from module String_to_Number.
WARNING: [Synth 8-3332] Sequential element (number_reg[187]) is unused and will be removed from module String_to_Number.
WARNING: [Synth 8-3332] Sequential element (number_reg[186]) is unused and will be removed from module String_to_Number.
WARNING: [Synth 8-3332] Sequential element (number_reg[185]) is unused and will be removed from module String_to_Number.
WARNING: [Synth 8-3332] Sequential element (number_reg[184]) is unused and will be removed from module String_to_Number.
WARNING: [Synth 8-3332] Sequential element (number_reg[183]) is unused and will be removed from module String_to_Number.
WARNING: [Synth 8-3332] Sequential element (number_reg[182]) is unused and will be removed from module String_to_Number.
WARNING: [Synth 8-3332] Sequential element (number_reg[181]) is unused and will be removed from module String_to_Number.
WARNING: [Synth 8-3332] Sequential element (number_reg[180]) is unused and will be removed from module String_to_Number.
WARNING: [Synth 8-3332] Sequential element (number_reg[179]) is unused and will be removed from module String_to_Number.
WARNING: [Synth 8-3332] Sequential element (number_reg[178]) is unused and will be removed from module String_to_Number.
WARNING: [Synth 8-3332] Sequential element (number_reg[177]) is unused and will be removed from module String_to_Number.
WARNING: [Synth 8-3332] Sequential element (number_reg[176]) is unused and will be removed from module String_to_Number.
WARNING: [Synth 8-3332] Sequential element (number_reg[175]) is unused and will be removed from module String_to_Number.
WARNING: [Synth 8-3332] Sequential element (number_reg[174]) is unused and will be removed from module String_to_Number.
WARNING: [Synth 8-3332] Sequential element (number_reg[173]) is unused and will be removed from module String_to_Number.
WARNING: [Synth 8-3332] Sequential element (number_reg[172]) is unused and will be removed from module String_to_Number.
WARNING: [Synth 8-3332] Sequential element (number_reg[171]) is unused and will be removed from module String_to_Number.
WARNING: [Synth 8-3332] Sequential element (number_reg[170]) is unused and will be removed from module String_to_Number.
WARNING: [Synth 8-3332] Sequential element (number_reg[169]) is unused and will be removed from module String_to_Number.
WARNING: [Synth 8-3332] Sequential element (number_reg[168]) is unused and will be removed from module String_to_Number.
WARNING: [Synth 8-3332] Sequential element (number_reg[167]) is unused and will be removed from module String_to_Number.
WARNING: [Synth 8-3332] Sequential element (number_reg[166]) is unused and will be removed from module String_to_Number.
WARNING: [Synth 8-3332] Sequential element (number_reg[165]) is unused and will be removed from module String_to_Number.
WARNING: [Synth 8-3332] Sequential element (number_reg[164]) is unused and will be removed from module String_to_Number.
WARNING: [Synth 8-3332] Sequential element (number_reg[163]) is unused and will be removed from module String_to_Number.
WARNING: [Synth 8-3332] Sequential element (number_reg[162]) is unused and will be removed from module String_to_Number.
WARNING: [Synth 8-3332] Sequential element (number_reg[161]) is unused and will be removed from module String_to_Number.
WARNING: [Synth 8-3332] Sequential element (number_reg[160]) is unused and will be removed from module String_to_Number.
WARNING: [Synth 8-3332] Sequential element (number_reg[159]) is unused and will be removed from module String_to_Number.
WARNING: [Synth 8-3332] Sequential element (number_reg[158]) is unused and will be removed from module String_to_Number.
WARNING: [Synth 8-3332] Sequential element (number_reg[157]) is unused and will be removed from module String_to_Number.
WARNING: [Synth 8-3332] Sequential element (number_reg[156]) is unused and will be removed from module String_to_Number.
INFO: [Common 17-14] Message 'Synth 8-3332' appears 100 times and further instances of the messages will be disabled. Use the Tcl command set_msg_config to change the current settings.
