#-----------------------------------------------------------
# Vivado v2018.2 (64-bit)
# SW Build 2258646 on Thu Jun 14 20:03:12 MDT 2018
# IP Build 2256618 on Thu Jun 14 22:10:49 MDT 2018
# Start of session at: Fri Nov 30 19:40:47 2018
# Process ID: 18084
# Current directory: D:/Codes/Digital-circuit-course/lab10_2_1
# Command line: vivado.exe -gui_launcher_event rodinguilauncherevent18980 D:\Codes\Digital-circuit-course\lab10_2_1\lab10_2_1.xpr
# Log file: D:/Codes/Digital-circuit-course/lab10_2_1/vivado.log
# Journal file: D:/Codes/Digital-circuit-course/lab10_2_1\vivado.jou
#-----------------------------------------------------------
start_gui
open_project D:/Codes/Digital-circuit-course/lab10_2_1/lab10_2_1.xpr
INFO: [Project 1-313] Project file moved from 'C:/Users/admin/Desktop/test/lab10_2_1' since last save.
Scanning sources...
Finished scanning sources
INFO: [Project 1-230] Project 'lab10_2_1.xpr' upgraded for this version of Vivado.
INFO: [IP_Flow 19-234] Refreshing IP repositories
INFO: [IP_Flow 19-1704] No user IP repositories specified
INFO: [IP_Flow 19-2313] Loaded Vivado IP repository 'D:/Xilinx/Vivado/2018.2/data/ip'.
open_project: Time (s): cpu = 00:00:13 ; elapsed = 00:00:06 . Memory (MB): peak = 879.613 ; gain = 155.832
update_compile_order -fileset sources_1
reset_run synth_1
launch_runs impl_1 -to_step write_bitstream -jobs 4
[Fri Nov 30 19:41:42 2018] Launched synth_1...
Run output will be captured here: D:/Codes/Digital-circuit-course/lab10_2_1/lab10_2_1.runs/synth_1/runme.log
[Fri Nov 30 19:41:42 2018] Launched impl_1...
Run output will be captured here: D:/Codes/Digital-circuit-course/lab10_2_1/lab10_2_1.runs/impl_1/runme.log
exit
INFO: [Common 17-206] Exiting Vivado at Fri Nov 30 19:47:10 2018...
